0 info it worked if it ends with ok
1 verbose cli [ '/usr/local/bin/node', '/usr/local/bin/npm', 'install' ]
2 info using npm@3.8.5
3 info using node@v4.4.0
4 silly loadCurrentTree Starting
5 silly install loadCurrentTree
6 silly install readLocalPackageData
7 silly install normalizeTree
8 silly loadCurrentTree Finishing
9 silly loadIdealTree Starting
10 silly install loadIdealTree
11 silly cloneCurrentTree Starting
12 silly install cloneCurrentTreeToIdealTree
13 silly cloneCurrentTree Finishing
14 silly loadShrinkwrap Starting
15 silly install loadShrinkwrap
16 silly loadShrinkwrap Finishing
17 silly loadAllDepsIntoIdealTree Starting
18 silly install loadAllDepsIntoIdealTree
19 silly fetchNamedPackageData bufferutil
20 silly mapToRegistry name bufferutil
21 silly mapToRegistry using default registry
22 silly mapToRegistry registry https://registry.npmjs.org/
23 silly mapToRegistry data Result {
23 silly mapToRegistry   raw: 'bufferutil',
23 silly mapToRegistry   scope: null,
23 silly mapToRegistry   name: 'bufferutil',
23 silly mapToRegistry   rawSpec: '',
23 silly mapToRegistry   spec: 'latest',
23 silly mapToRegistry   type: 'tag' }
24 silly mapToRegistry uri https://registry.npmjs.org/bufferutil
25 silly fetchNamedPackageData utf-8-validate
26 silly mapToRegistry name utf-8-validate
27 silly mapToRegistry using default registry
28 silly mapToRegistry registry https://registry.npmjs.org/
29 silly mapToRegistry data Result {
29 silly mapToRegistry   raw: 'utf-8-validate',
29 silly mapToRegistry   scope: null,
29 silly mapToRegistry   name: 'utf-8-validate',
29 silly mapToRegistry   rawSpec: '',
29 silly mapToRegistry   spec: 'latest',
29 silly mapToRegistry   type: 'tag' }
30 silly mapToRegistry uri https://registry.npmjs.org/utf-8-validate
31 verbose request uri https://registry.npmjs.org/bufferutil
32 verbose request no auth needed
33 info attempt registry request try #1 at 8:59:04 PM
34 verbose request id e7525636efa2735e
35 verbose etag "9NLYGHUX8MGYC2LICJDWKWNPW"
36 http request GET https://registry.npmjs.org/bufferutil
37 verbose request uri https://registry.npmjs.org/utf-8-validate
38 verbose request no auth needed
39 info attempt registry request try #1 at 8:59:04 PM
40 verbose etag "E7XYFT7FUBMH6H6XYWMIRAGJ0"
41 http request GET https://registry.npmjs.org/utf-8-validate
42 http 304 https://registry.npmjs.org/bufferutil
43 verbose headers { date: 'Mon, 09 May 2016 14:59:05 GMT',
43 verbose headers   via: '1.1 varnish',
43 verbose headers   'cache-control': 'max-age=300',
43 verbose headers   etag: '"9NLYGHUX8MGYC2LICJDWKWNPW"',
43 verbose headers   age: '85',
43 verbose headers   connection: 'keep-alive',
43 verbose headers   'x-served-by': 'cache-sin6926-SIN',
43 verbose headers   'x-cache': 'HIT',
43 verbose headers   'x-cache-hits': '1',
43 verbose headers   'x-timer': 'S1462805945.672689,VS0,VE0',
43 verbose headers   vary: 'Accept-Encoding' }
44 silly get cb [ 304,
44 silly get   { date: 'Mon, 09 May 2016 14:59:05 GMT',
44 silly get     via: '1.1 varnish',
44 silly get     'cache-control': 'max-age=300',
44 silly get     etag: '"9NLYGHUX8MGYC2LICJDWKWNPW"',
44 silly get     age: '85',
44 silly get     connection: 'keep-alive',
44 silly get     'x-served-by': 'cache-sin6926-SIN',
44 silly get     'x-cache': 'HIT',
44 silly get     'x-cache-hits': '1',
44 silly get     'x-timer': 'S1462805945.672689,VS0,VE0',
44 silly get     vary: 'Accept-Encoding' } ]
45 verbose etag https://registry.npmjs.org/bufferutil from cache
46 verbose get saving bufferutil to /Users/afroza/.npm/registry.npmjs.org/bufferutil/.cache.json
47 verbose correctMkdir /Users/afroza/.npm correctMkdir not in flight; initializing
48 http 304 https://registry.npmjs.org/utf-8-validate
49 verbose headers { date: 'Mon, 09 May 2016 14:59:05 GMT',
49 verbose headers   via: '1.1 varnish',
49 verbose headers   'cache-control': 'max-age=300',
49 verbose headers   etag: '"E7XYFT7FUBMH6H6XYWMIRAGJ0"',
49 verbose headers   age: '85',
49 verbose headers   connection: 'keep-alive',
49 verbose headers   'x-served-by': 'cache-sin6922-SIN',
49 verbose headers   'x-cache': 'HIT',
49 verbose headers   'x-cache-hits': '1',
49 verbose headers   'x-timer': 'S1462805945.675200,VS0,VE0',
49 verbose headers   vary: 'Accept-Encoding' }
50 silly get cb [ 304,
50 silly get   { date: 'Mon, 09 May 2016 14:59:05 GMT',
50 silly get     via: '1.1 varnish',
50 silly get     'cache-control': 'max-age=300',
50 silly get     etag: '"E7XYFT7FUBMH6H6XYWMIRAGJ0"',
50 silly get     age: '85',
50 silly get     connection: 'keep-alive',
50 silly get     'x-served-by': 'cache-sin6922-SIN',
50 silly get     'x-cache': 'HIT',
50 silly get     'x-cache-hits': '1',
50 silly get     'x-timer': 'S1462805945.675200,VS0,VE0',
50 silly get     vary: 'Accept-Encoding' } ]
51 verbose etag https://registry.npmjs.org/utf-8-validate from cache
52 verbose get saving utf-8-validate to /Users/afroza/.npm/registry.npmjs.org/utf-8-validate/.cache.json
53 verbose correctMkdir /Users/afroza/.npm correctMkdir already in flight; waiting
54 silly resolveWithNewModule utf-8-validate@1.2.1 checking installable status
55 silly cache add args [ 'utf-8-validate@1.2.x', null ]
56 verbose cache add spec utf-8-validate@1.2.x
57 silly cache add parsed spec Result {
57 silly cache add   raw: 'utf-8-validate@1.2.x',
57 silly cache add   scope: null,
57 silly cache add   name: 'utf-8-validate',
57 silly cache add   rawSpec: '1.2.x',
57 silly cache add   spec: '>=1.2.0 <1.3.0',
57 silly cache add   type: 'range' }
58 silly addNamed utf-8-validate@>=1.2.0 <1.3.0
59 verbose addNamed ">=1.2.0 <1.3.0" is a valid semver range for utf-8-validate
60 silly addNameRange { name: 'utf-8-validate',
60 silly addNameRange   range: '>=1.2.0 <1.3.0',
60 silly addNameRange   hasData: false }
61 silly mapToRegistry name utf-8-validate
62 silly mapToRegistry using default registry
63 silly mapToRegistry registry https://registry.npmjs.org/
64 silly mapToRegistry data Result {
64 silly mapToRegistry   raw: 'utf-8-validate',
64 silly mapToRegistry   scope: null,
64 silly mapToRegistry   name: 'utf-8-validate',
64 silly mapToRegistry   rawSpec: '',
64 silly mapToRegistry   spec: 'latest',
64 silly mapToRegistry   type: 'tag' }
65 silly mapToRegistry uri https://registry.npmjs.org/utf-8-validate
66 verbose addNameRange registry:https://registry.npmjs.org/utf-8-validate not in flight; fetching
67 silly resolveWithNewModule bufferutil@1.2.1 checking installable status
68 silly cache add args [ 'bufferutil@1.2.x', null ]
69 verbose cache add spec bufferutil@1.2.x
70 silly cache add parsed spec Result {
70 silly cache add   raw: 'bufferutil@1.2.x',
70 silly cache add   scope: null,
70 silly cache add   name: 'bufferutil',
70 silly cache add   rawSpec: '1.2.x',
70 silly cache add   spec: '>=1.2.0 <1.3.0',
70 silly cache add   type: 'range' }
71 silly addNamed bufferutil@>=1.2.0 <1.3.0
72 verbose addNamed ">=1.2.0 <1.3.0" is a valid semver range for bufferutil
73 silly addNameRange { name: 'bufferutil', range: '>=1.2.0 <1.3.0', hasData: false }
74 silly mapToRegistry name bufferutil
75 silly mapToRegistry using default registry
76 silly mapToRegistry registry https://registry.npmjs.org/
77 silly mapToRegistry data Result {
77 silly mapToRegistry   raw: 'bufferutil',
77 silly mapToRegistry   scope: null,
77 silly mapToRegistry   name: 'bufferutil',
77 silly mapToRegistry   rawSpec: '',
77 silly mapToRegistry   spec: 'latest',
77 silly mapToRegistry   type: 'tag' }
78 silly mapToRegistry uri https://registry.npmjs.org/bufferutil
79 verbose addNameRange registry:https://registry.npmjs.org/bufferutil not in flight; fetching
80 verbose get https://registry.npmjs.org/utf-8-validate not expired, no request
81 silly addNameRange number 2 { name: 'utf-8-validate',
81 silly addNameRange   range: '>=1.2.0 <1.3.0',
81 silly addNameRange   hasData: true }
82 silly addNameRange versions [ 'utf-8-validate',
82 silly addNameRange   [ '1.0.0', '1.0.1', '1.1.0', '1.2.0', '1.2.1' ] ]
83 silly addNamed utf-8-validate@1.2.1
84 verbose addNamed "1.2.1" is a plain semver version for utf-8-validate
85 verbose get https://registry.npmjs.org/bufferutil not expired, no request
86 silly addNameRange number 2 { name: 'bufferutil', range: '>=1.2.0 <1.3.0', hasData: true }
87 silly addNameRange versions [ 'bufferutil',
87 silly addNameRange   [ '1.0.0', '1.0.1', '1.1.0', '1.2.0', '1.2.1' ] ]
88 silly addNamed bufferutil@1.2.1
89 verbose addNamed "1.2.1" is a plain semver version for bufferutil
90 silly cache afterAdd utf-8-validate@1.2.1
91 verbose afterAdd /Users/afroza/.npm/utf-8-validate/1.2.1/package/package.json not in flight; writing
92 verbose correctMkdir /Users/afroza/.npm correctMkdir not in flight; initializing
93 verbose afterAdd /Users/afroza/.npm/utf-8-validate/1.2.1/package/package.json written
94 silly cache afterAdd bufferutil@1.2.1
95 verbose afterAdd /Users/afroza/.npm/bufferutil/1.2.1/package/package.json not in flight; writing
96 verbose correctMkdir /Users/afroza/.npm correctMkdir not in flight; initializing
97 verbose afterAdd /Users/afroza/.npm/bufferutil/1.2.1/package/package.json written
98 silly fetchNamedPackageData bindings
99 silly mapToRegistry name bindings
100 silly mapToRegistry using default registry
101 silly mapToRegistry registry https://registry.npmjs.org/
102 silly mapToRegistry data Result {
102 silly mapToRegistry   raw: 'bindings',
102 silly mapToRegistry   scope: null,
102 silly mapToRegistry   name: 'bindings',
102 silly mapToRegistry   rawSpec: '',
102 silly mapToRegistry   spec: 'latest',
102 silly mapToRegistry   type: 'tag' }
103 silly mapToRegistry uri https://registry.npmjs.org/bindings
104 verbose request uri https://registry.npmjs.org/bindings
105 verbose request no auth needed
106 info attempt registry request try #1 at 8:59:05 PM
107 verbose etag "1LLBF9OH58DLBEL4629U6032D"
108 http request GET https://registry.npmjs.org/bindings
109 http 304 https://registry.npmjs.org/bindings
110 verbose headers { date: 'Mon, 09 May 2016 14:59:06 GMT',
110 verbose headers   via: '1.1 varnish',
110 verbose headers   'cache-control': 'max-age=300',
110 verbose headers   etag: '"1LLBF9OH58DLBEL4629U6032D"',
110 verbose headers   age: '251',
110 verbose headers   connection: 'keep-alive',
110 verbose headers   'x-served-by': 'cache-sin6927-SIN',
110 verbose headers   'x-cache': 'HIT',
110 verbose headers   'x-cache-hits': '4',
110 verbose headers   'x-timer': 'S1462805946.042060,VS0,VE0',
110 verbose headers   vary: 'Accept-Encoding' }
111 silly get cb [ 304,
111 silly get   { date: 'Mon, 09 May 2016 14:59:06 GMT',
111 silly get     via: '1.1 varnish',
111 silly get     'cache-control': 'max-age=300',
111 silly get     etag: '"1LLBF9OH58DLBEL4629U6032D"',
111 silly get     age: '251',
111 silly get     connection: 'keep-alive',
111 silly get     'x-served-by': 'cache-sin6927-SIN',
111 silly get     'x-cache': 'HIT',
111 silly get     'x-cache-hits': '4',
111 silly get     'x-timer': 'S1462805946.042060,VS0,VE0',
111 silly get     vary: 'Accept-Encoding' } ]
112 verbose etag https://registry.npmjs.org/bindings from cache
113 verbose get saving bindings to /Users/afroza/.npm/registry.npmjs.org/bindings/.cache.json
114 verbose correctMkdir /Users/afroza/.npm correctMkdir not in flight; initializing
115 silly resolveWithNewModule bindings@1.2.1 checking installable status
116 silly cache add args [ 'bindings@1.2.x', null ]
117 verbose cache add spec bindings@1.2.x
118 silly cache add parsed spec Result {
118 silly cache add   raw: 'bindings@1.2.x',
118 silly cache add   scope: null,
118 silly cache add   name: 'bindings',
118 silly cache add   rawSpec: '1.2.x',
118 silly cache add   spec: '>=1.2.0 <1.3.0',
118 silly cache add   type: 'range' }
119 silly addNamed bindings@>=1.2.0 <1.3.0
120 verbose addNamed ">=1.2.0 <1.3.0" is a valid semver range for bindings
121 silly addNameRange { name: 'bindings', range: '>=1.2.0 <1.3.0', hasData: false }
122 silly mapToRegistry name bindings
123 silly mapToRegistry using default registry
124 silly mapToRegistry registry https://registry.npmjs.org/
125 silly mapToRegistry data Result {
125 silly mapToRegistry   raw: 'bindings',
125 silly mapToRegistry   scope: null,
125 silly mapToRegistry   name: 'bindings',
125 silly mapToRegistry   rawSpec: '',
125 silly mapToRegistry   spec: 'latest',
125 silly mapToRegistry   type: 'tag' }
126 silly mapToRegistry uri https://registry.npmjs.org/bindings
127 verbose addNameRange registry:https://registry.npmjs.org/bindings not in flight; fetching
128 verbose get https://registry.npmjs.org/bindings not expired, no request
129 silly addNameRange number 2 { name: 'bindings', range: '>=1.2.0 <1.3.0', hasData: true }
130 silly addNameRange versions [ 'bindings',
130 silly addNameRange   [ '0.0.1',
130 silly addNameRange     '0.1.0',
130 silly addNameRange     '0.1.1',
130 silly addNameRange     '0.2.0',
130 silly addNameRange     '0.2.1',
130 silly addNameRange     '0.2.2',
130 silly addNameRange     '0.2.3',
130 silly addNameRange     '0.2.4',
130 silly addNameRange     '0.3.0',
130 silly addNameRange     '0.4.0',
130 silly addNameRange     '1.0.0',
130 silly addNameRange     '1.1.0',
130 silly addNameRange     '1.1.1',
130 silly addNameRange     '1.2.0',
130 silly addNameRange     '1.2.1' ] ]
131 silly addNamed bindings@1.2.1
132 verbose addNamed "1.2.1" is a plain semver version for bindings
133 silly cache afterAdd bindings@1.2.1
134 verbose afterAdd /Users/afroza/.npm/bindings/1.2.1/package/package.json not in flight; writing
135 verbose correctMkdir /Users/afroza/.npm correctMkdir not in flight; initializing
136 verbose afterAdd /Users/afroza/.npm/bindings/1.2.1/package/package.json written
137 silly loadAllDepsIntoIdealTree Finishing
138 silly idealTree:prePrune angular2-starter@1.0.0
138 silly idealTree:prePrune ├── abbrev@1.0.7
138 silly idealTree:prePrune ├── accepts@1.2.13
138 silly idealTree:prePrune ├── after@0.8.1
138 silly idealTree:prePrune ├─┬ agent-base@2.0.1
138 silly idealTree:prePrune │ └── semver@5.0.3
138 silly idealTree:prePrune ├── angular2@2.0.0-beta.8
138 silly idealTree:prePrune ├── ansi-escapes@1.3.0
138 silly idealTree:prePrune ├── ansi-regex@0.2.1
138 silly idealTree:prePrune ├── ansi-styles@1.1.0
138 silly idealTree:prePrune ├── any-promise@1.1.0
138 silly idealTree:prePrune ├── anymatch@1.3.0
138 silly idealTree:prePrune ├── archy@1.0.0
138 silly idealTree:prePrune ├── arr-diff@2.0.0
138 silly idealTree:prePrune ├── arr-flatten@1.0.1
138 silly idealTree:prePrune ├── array-uniq@1.0.2
138 silly idealTree:prePrune ├── array-unique@0.2.1
138 silly idealTree:prePrune ├── arraybuffer.slice@0.0.6
138 silly idealTree:prePrune ├── arrify@1.0.1
138 silly idealTree:prePrune ├── asn1@0.1.11
138 silly idealTree:prePrune ├── assert-plus@0.1.5
138 silly idealTree:prePrune ├── async-each-series@0.1.1
138 silly idealTree:prePrune ├── async-each@0.1.6
138 silly idealTree:prePrune ├── async@1.5.2
138 silly idealTree:prePrune ├── aws-sign2@0.6.0
138 silly idealTree:prePrune ├── backo2@1.0.2
138 silly idealTree:prePrune ├── balanced-match@0.3.0
138 silly idealTree:prePrune ├── base64-arraybuffer@0.1.2
138 silly idealTree:prePrune ├── base64id@0.1.0
138 silly idealTree:prePrune ├── batch@0.5.3
138 silly idealTree:prePrune ├── benchmark@1.0.0
138 silly idealTree:prePrune ├── better-assert@1.0.2
138 silly idealTree:prePrune ├── binary-extensions@1.4.0
138 silly idealTree:prePrune ├── bindings@1.2.1
138 silly idealTree:prePrune ├── bl@1.0.3
138 silly idealTree:prePrune ├── blob@0.0.4
138 silly idealTree:prePrune ├── bluebird@2.9.6
138 silly idealTree:prePrune ├── boom@2.10.1
138 silly idealTree:prePrune ├── bootstrap@3.3.6
138 silly idealTree:prePrune ├─┬ boxen@0.3.1
138 silly idealTree:prePrune │ ├── ansi-regex@2.0.0
138 silly idealTree:prePrune │ ├── ansi-styles@2.2.0
138 silly idealTree:prePrune │ ├── chalk@1.1.1
138 silly idealTree:prePrune │ ├── has-ansi@2.0.0
138 silly idealTree:prePrune │ ├── object-assign@4.0.1
138 silly idealTree:prePrune │ ├── repeating@2.0.0
138 silly idealTree:prePrune │ ├── strip-ansi@3.0.1
138 silly idealTree:prePrune │ └── supports-color@2.0.0
138 silly idealTree:prePrune ├── brace-expansion@1.1.3
138 silly idealTree:prePrune ├── braces@1.8.3
138 silly idealTree:prePrune ├── browser-sync-client@2.4.1
138 silly idealTree:prePrune ├── browser-sync-ui@0.5.18
138 silly idealTree:prePrune ├─┬ browser-sync@2.11.1
138 silly idealTree:prePrune │ └── lodash@3.10.1
138 silly idealTree:prePrune ├── bs-recipes@1.1.0
138 silly idealTree:prePrune ├── bufferutil@1.2.1
138 silly idealTree:prePrune ├── callsite@1.0.0
138 silly idealTree:prePrune ├── camelcase-keys@1.0.0
138 silly idealTree:prePrune ├── camelcase@1.2.1
138 silly idealTree:prePrune ├── capture-stack-trace@1.0.0
138 silly idealTree:prePrune ├── caseless@0.11.0
138 silly idealTree:prePrune ├── chalk@0.5.1
138 silly idealTree:prePrune ├── chokidar@1.4.1
138 silly idealTree:prePrune ├── cli-cursor@1.0.2
138 silly idealTree:prePrune ├── cli-width@2.1.0
138 silly idealTree:prePrune ├─┬ cliui@3.1.0
138 silly idealTree:prePrune │ ├── ansi-regex@2.0.0
138 silly idealTree:prePrune │ └── strip-ansi@3.0.1
138 silly idealTree:prePrune ├── clone@1.0.2
138 silly idealTree:prePrune ├── code-point-at@1.0.0
138 silly idealTree:prePrune ├── color-convert@1.0.0
138 silly idealTree:prePrune ├─┬ columnify@1.5.4
138 silly idealTree:prePrune │ ├── ansi-regex@2.0.0
138 silly idealTree:prePrune │ └── strip-ansi@3.0.1
138 silly idealTree:prePrune ├── combined-stream@1.0.5
138 silly idealTree:prePrune ├── commander@2.6.0
138 silly idealTree:prePrune ├── component-bind@1.0.0
138 silly idealTree:prePrune ├── component-emitter@1.1.2
138 silly idealTree:prePrune ├── component-inherit@0.0.3
138 silly idealTree:prePrune ├── concat-map@0.0.1
138 silly idealTree:prePrune ├── concat-stream@1.5.1
138 silly idealTree:prePrune ├── concurrently@2.0.0
138 silly idealTree:prePrune ├─┬ configstore@1.4.0
138 silly idealTree:prePrune │ ├── minimist@0.0.8
138 silly idealTree:prePrune │ ├── mkdirp@0.5.1
138 silly idealTree:prePrune │ └── object-assign@4.0.1
138 silly idealTree:prePrune ├── connect-history-api-fallback@1.1.0
138 silly idealTree:prePrune ├── connect-logger@0.0.1
138 silly idealTree:prePrune ├── connect@3.4.1
138 silly idealTree:prePrune ├── core-util-is@1.0.2
138 silly idealTree:prePrune ├── create-error-class@2.0.1
138 silly idealTree:prePrune ├── cross-spawn@0.2.9
138 silly idealTree:prePrune ├── cryptiles@2.0.5
138 silly idealTree:prePrune ├── ctype@0.5.3
138 silly idealTree:prePrune ├── debug@2.2.0
138 silly idealTree:prePrune ├── decamelize@1.2.0
138 silly idealTree:prePrune ├── deep-extend@0.4.1
138 silly idealTree:prePrune ├── defaults@1.0.3
138 silly idealTree:prePrune ├── delayed-stream@1.0.0
138 silly idealTree:prePrune ├── depd@1.1.0
138 silly idealTree:prePrune ├── destroy@1.0.4
138 silly idealTree:prePrune ├─┬ detect-indent@4.0.0
138 silly idealTree:prePrune │ └── repeating@2.0.0
138 silly idealTree:prePrune ├── dev-ip@1.0.1
138 silly idealTree:prePrune ├── duplexer2@0.1.4
138 silly idealTree:prePrune ├─┬ easy-extender@2.3.2
138 silly idealTree:prePrune │ └── lodash@3.10.1
138 silly idealTree:prePrune ├── eazy-logger@2.1.2
138 silly idealTree:prePrune ├── ee-first@1.1.1
138 silly idealTree:prePrune ├── elegant-spinner@1.0.1
138 silly idealTree:prePrune ├── emitter-steward@1.0.0
138 silly idealTree:prePrune ├─┬ engine.io-client@1.5.4
138 silly idealTree:prePrune │ ├── debug@1.0.4
138 silly idealTree:prePrune │ ├── ms@0.6.2
138 silly idealTree:prePrune │ └── parseuri@0.0.4
138 silly idealTree:prePrune ├── engine.io-parser@1.2.2
138 silly idealTree:prePrune ├─┬ engine.io@1.5.4
138 silly idealTree:prePrune │ ├── debug@1.0.3
138 silly idealTree:prePrune │ └── ms@0.6.2
138 silly idealTree:prePrune ├── error-ex@1.3.0
138 silly idealTree:prePrune ├── es6-module-loader@0.17.11
138 silly idealTree:prePrune ├── es6-promise@3.1.2
138 silly idealTree:prePrune ├── es6-shim@0.33.13
138 silly idealTree:prePrune ├── escape-html@1.0.3
138 silly idealTree:prePrune ├── escape-string-regexp@1.0.5
138 silly idealTree:prePrune ├── etag@1.7.0
138 silly idealTree:prePrune ├── eventemitter3@1.1.1
138 silly idealTree:prePrune ├── exit-hook@1.1.1
138 silly idealTree:prePrune ├── expand-brackets@0.1.4
138 silly idealTree:prePrune ├── expand-range@1.8.1
138 silly idealTree:prePrune ├─┬ express@2.5.11
138 silly idealTree:prePrune │ └── connect@1.9.2
138 silly idealTree:prePrune ├── extend@3.0.0
138 silly idealTree:prePrune ├── extglob@0.3.2
138 silly idealTree:prePrune ├── figures@1.4.0
138 silly idealTree:prePrune ├── filename-regex@2.0.0
138 silly idealTree:prePrune ├── fill-range@2.2.3
138 silly idealTree:prePrune ├── filled-array@1.1.0
138 silly idealTree:prePrune ├── finalhandler@0.4.1
138 silly idealTree:prePrune ├── for-in@0.1.4
138 silly idealTree:prePrune ├── for-own@0.1.3
138 silly idealTree:prePrune ├── forever-agent@0.6.1
138 silly idealTree:prePrune ├── form-data@1.0.0-rc3
138 silly idealTree:prePrune ├── formidable@1.0.17
138 silly idealTree:prePrune ├─┬ foxy@11.1.4
138 silly idealTree:prePrune │ └── resp-modifier@4.0.4
138 silly idealTree:prePrune ├── fresh@0.3.0
138 silly idealTree:prePrune ├── fs-extra@0.26.5
138 silly idealTree:prePrune ├─┬ fsevents@1.0.8
138 silly idealTree:prePrune │ ├── ansi-regex@2.0.0
138 silly idealTree:prePrune │ ├── ansi-styles@2.1.0
138 silly idealTree:prePrune │ ├── ansi@0.3.1
138 silly idealTree:prePrune │ ├── are-we-there-yet@1.0.6
138 silly idealTree:prePrune │ ├── asn1@0.2.3
138 silly idealTree:prePrune │ ├── assert-plus@0.2.0
138 silly idealTree:prePrune │ ├── async@1.5.2
138 silly idealTree:prePrune │ ├── aws-sign2@0.6.0
138 silly idealTree:prePrune │ ├─┬ aws4@1.2.1
138 silly idealTree:prePrune │ │ └── lru-cache@2.7.3
138 silly idealTree:prePrune │ ├── bl@1.0.2
138 silly idealTree:prePrune │ ├── block-stream@0.0.8
138 silly idealTree:prePrune │ ├── boom@2.10.1
138 silly idealTree:prePrune │ ├── caseless@0.11.0
138 silly idealTree:prePrune │ ├── chalk@1.1.1
138 silly idealTree:prePrune │ ├── combined-stream@1.0.5
138 silly idealTree:prePrune │ ├── commander@2.9.0
138 silly idealTree:prePrune │ ├── core-util-is@1.0.2
138 silly idealTree:prePrune │ ├── cryptiles@2.0.5
138 silly idealTree:prePrune │ ├── dashdash@1.12.2
138 silly idealTree:prePrune │ ├── debug@2.2.0
138 silly idealTree:prePrune │ ├── deep-extend@0.4.1
138 silly idealTree:prePrune │ ├── delayed-stream@1.0.0
138 silly idealTree:prePrune │ ├── delegates@1.0.0
138 silly idealTree:prePrune │ ├── ecc-jsbn@0.1.1
138 silly idealTree:prePrune │ ├── escape-string-regexp@1.0.4
138 silly idealTree:prePrune │ ├── extend@3.0.0
138 silly idealTree:prePrune │ ├── extsprintf@1.0.2
138 silly idealTree:prePrune │ ├── forever-agent@0.6.1
138 silly idealTree:prePrune │ ├── form-data@1.0.0-rc3
138 silly idealTree:prePrune │ ├─┬ fstream-ignore@1.0.3
138 silly idealTree:prePrune │ │ └─┬ minimatch@3.0.0
138 silly idealTree:prePrune │ │   └─┬ brace-expansion@1.1.2
138 silly idealTree:prePrune │ │     ├── balanced-match@0.3.0
138 silly idealTree:prePrune │ │     └── concat-map@0.0.1
138 silly idealTree:prePrune │ ├── fstream@1.0.8
138 silly idealTree:prePrune │ ├── gauge@1.2.5
138 silly idealTree:prePrune │ ├── generate-function@2.0.0
138 silly idealTree:prePrune │ ├── generate-object-property@1.2.0
138 silly idealTree:prePrune │ ├── graceful-fs@4.1.3
138 silly idealTree:prePrune │ ├── graceful-readlink@1.0.1
138 silly idealTree:prePrune │ ├── har-validator@2.0.6
138 silly idealTree:prePrune │ ├── has-ansi@2.0.0
138 silly idealTree:prePrune │ ├── has-unicode@2.0.0
138 silly idealTree:prePrune │ ├── hawk@3.1.3
138 silly idealTree:prePrune │ ├── hoek@2.16.3
138 silly idealTree:prePrune │ ├── http-signature@1.1.1
138 silly idealTree:prePrune │ ├── inherits@2.0.1
138 silly idealTree:prePrune │ ├── ini@1.3.4
138 silly idealTree:prePrune │ ├── is-my-json-valid@2.12.4
138 silly idealTree:prePrune │ ├── is-property@1.0.2
138 silly idealTree:prePrune │ ├── is-typedarray@1.0.0
138 silly idealTree:prePrune │ ├── isarray@0.0.1
138 silly idealTree:prePrune │ ├── isstream@0.1.2
138 silly idealTree:prePrune │ ├── jodid25519@1.0.2
138 silly idealTree:prePrune │ ├── jsbn@0.1.0
138 silly idealTree:prePrune │ ├── json-schema@0.2.2
138 silly idealTree:prePrune │ ├── json-stringify-safe@5.0.1
138 silly idealTree:prePrune │ ├── jsonpointer@2.0.0
138 silly idealTree:prePrune │ ├── jsprim@1.2.2
138 silly idealTree:prePrune │ ├── lodash._basetostring@3.0.1
138 silly idealTree:prePrune │ ├── lodash._createpadding@3.6.1
138 silly idealTree:prePrune │ ├── lodash._root@3.0.0
138 silly idealTree:prePrune │ ├── lodash.pad@3.3.0
138 silly idealTree:prePrune │ ├── lodash.padleft@3.1.1
138 silly idealTree:prePrune │ ├── lodash.padright@3.1.1
138 silly idealTree:prePrune │ ├── lodash.repeat@3.2.0
138 silly idealTree:prePrune │ ├── mime-db@1.21.0
138 silly idealTree:prePrune │ ├── mime-types@2.1.9
138 silly idealTree:prePrune │ ├── minimist@0.0.8
138 silly idealTree:prePrune │ ├── mkdirp@0.5.1
138 silly idealTree:prePrune │ ├── ms@0.7.1
138 silly idealTree:prePrune │ ├─┬ node-pre-gyp@0.6.21
138 silly idealTree:prePrune │ │ └─┬ nopt@3.0.6
138 silly idealTree:prePrune │ │   └── abbrev@1.0.7
138 silly idealTree:prePrune │ ├── node-uuid@1.4.7
138 silly idealTree:prePrune │ ├── npmlog@2.0.2
138 silly idealTree:prePrune │ ├── oauth-sign@0.8.1
138 silly idealTree:prePrune │ ├── once@1.3.3
138 silly idealTree:prePrune │ ├── pinkie-promise@2.0.0
138 silly idealTree:prePrune │ ├── pinkie@2.0.4
138 silly idealTree:prePrune │ ├── process-nextick-args@1.0.6
138 silly idealTree:prePrune │ ├── qs@6.0.2
138 silly idealTree:prePrune │ ├─┬ rc@1.1.6
138 silly idealTree:prePrune │ │ └── minimist@1.2.0
138 silly idealTree:prePrune │ ├── readable-stream@2.0.5
138 silly idealTree:prePrune │ ├── request@2.69.0
138 silly idealTree:prePrune │ ├─┬ rimraf@2.5.1
138 silly idealTree:prePrune │ │ └─┬ glob@6.0.4
138 silly idealTree:prePrune │ │   ├─┬ inflight@1.0.4
138 silly idealTree:prePrune │ │   │ └── wrappy@1.0.1
138 silly idealTree:prePrune │ │   ├── inherits@2.0.1
138 silly idealTree:prePrune │ │   ├─┬ minimatch@3.0.0
138 silly idealTree:prePrune │ │   │ └─┬ brace-expansion@1.1.2
138 silly idealTree:prePrune │ │   │   ├── balanced-match@0.3.0
138 silly idealTree:prePrune │ │   │   └── concat-map@0.0.1
138 silly idealTree:prePrune │ │   ├─┬ once@1.3.3
138 silly idealTree:prePrune │ │   │ └── wrappy@1.0.1
138 silly idealTree:prePrune │ │   └── path-is-absolute@1.0.0
138 silly idealTree:prePrune │ ├── semver@5.1.0
138 silly idealTree:prePrune │ ├── sntp@1.0.9
138 silly idealTree:prePrune │ ├── sshpk@1.7.3
138 silly idealTree:prePrune │ ├── string_decoder@0.10.31
138 silly idealTree:prePrune │ ├── stringstream@0.0.5
138 silly idealTree:prePrune │ ├── strip-ansi@3.0.0
138 silly idealTree:prePrune │ ├── strip-json-comments@1.0.4
138 silly idealTree:prePrune │ ├── supports-color@2.0.0
138 silly idealTree:prePrune │ ├── tar-pack@3.1.3
138 silly idealTree:prePrune │ ├── tar@2.2.1
138 silly idealTree:prePrune │ ├── tough-cookie@2.2.1
138 silly idealTree:prePrune │ ├── tunnel-agent@0.4.2
138 silly idealTree:prePrune │ ├── tweetnacl@0.13.3
138 silly idealTree:prePrune │ ├── uid-number@0.0.6
138 silly idealTree:prePrune │ ├── util-deprecate@1.0.2
138 silly idealTree:prePrune │ ├── verror@1.3.6
138 silly idealTree:prePrune │ ├── wrappy@1.0.1
138 silly idealTree:prePrune │ └── xtend@4.0.1
138 silly idealTree:prePrune ├── function-bind@1.1.0
138 silly idealTree:prePrune ├── generate-function@2.0.0
138 silly idealTree:prePrune ├── generate-object-property@1.2.0
138 silly idealTree:prePrune ├── get-stdin@4.0.1
138 silly idealTree:prePrune ├── glob-base@0.3.0
138 silly idealTree:prePrune ├── glob-parent@2.0.0
138 silly idealTree:prePrune ├── glob@7.0.3
138 silly idealTree:prePrune ├── global@2.0.1
138 silly idealTree:prePrune ├─┬ got@5.5.0
138 silly idealTree:prePrune │ └── object-assign@4.0.1
138 silly idealTree:prePrune ├── graceful-fs@4.1.3
138 silly idealTree:prePrune ├── graceful-readlink@1.0.1
138 silly idealTree:prePrune ├─┬ har-validator@2.0.6
138 silly idealTree:prePrune │ ├── ansi-regex@2.0.0
138 silly idealTree:prePrune │ ├── ansi-styles@2.2.0
138 silly idealTree:prePrune │ ├── chalk@1.1.1
138 silly idealTree:prePrune │ ├── commander@2.9.0
138 silly idealTree:prePrune │ ├── has-ansi@2.0.0
138 silly idealTree:prePrune │ ├── strip-ansi@3.0.1
138 silly idealTree:prePrune │ └── supports-color@2.0.0
138 silly idealTree:prePrune ├── has-ansi@0.1.0
138 silly idealTree:prePrune ├── has-binary-data@0.1.3
138 silly idealTree:prePrune ├── has-binary@0.1.6
138 silly idealTree:prePrune ├── has-cors@1.0.3
138 silly idealTree:prePrune ├── has@1.0.1
138 silly idealTree:prePrune ├── hawk@3.1.3
138 silly idealTree:prePrune ├── hoek@2.16.3
138 silly idealTree:prePrune ├── http-errors@1.3.1
138 silly idealTree:prePrune ├── http-proxy-agent@1.0.0
138 silly idealTree:prePrune ├── http-proxy@1.13.2
138 silly idealTree:prePrune ├── http-signature@0.11.0
138 silly idealTree:prePrune ├── https-proxy-agent@1.0.0
138 silly idealTree:prePrune ├── immutable@3.7.6
138 silly idealTree:prePrune ├── imurmurhash@0.1.4
138 silly idealTree:prePrune ├── indent-string@1.2.2
138 silly idealTree:prePrune ├── indexof@0.0.1
138 silly idealTree:prePrune ├── inflight@1.0.4
138 silly idealTree:prePrune ├── inherits@2.0.1
138 silly idealTree:prePrune ├── ini@1.3.4
138 silly idealTree:prePrune ├─┬ inquirer@0.12.0
138 silly idealTree:prePrune │ ├── ansi-regex@2.0.0
138 silly idealTree:prePrune │ ├── ansi-styles@2.2.0
138 silly idealTree:prePrune │ ├── chalk@1.1.1
138 silly idealTree:prePrune │ ├── has-ansi@2.0.0
138 silly idealTree:prePrune │ ├── lodash@4.6.1
138 silly idealTree:prePrune │ ├── strip-ansi@3.0.1
138 silly idealTree:prePrune │ └── supports-color@2.0.0
138 silly idealTree:prePrune ├─┬ insight@0.7.0
138 silly idealTree:prePrune │ ├── ansi-regex@2.0.0
138 silly idealTree:prePrune │ ├── ansi-styles@2.2.0
138 silly idealTree:prePrune │ ├── chalk@1.1.1
138 silly idealTree:prePrune │ ├── cli-width@1.1.1
138 silly idealTree:prePrune │ ├── has-ansi@2.0.0
138 silly idealTree:prePrune │ ├── inquirer@0.10.1
138 silly idealTree:prePrune │ ├── lodash@3.10.1
138 silly idealTree:prePrune │ ├── object-assign@4.0.1
138 silly idealTree:prePrune │ ├── strip-ansi@3.0.1
138 silly idealTree:prePrune │ └── supports-color@2.0.0
138 silly idealTree:prePrune ├── invariant@2.2.1
138 silly idealTree:prePrune ├── invert-kv@1.0.0
138 silly idealTree:prePrune ├── is-absolute@0.2.3
138 silly idealTree:prePrune ├── is-arrayish@0.2.1
138 silly idealTree:prePrune ├── is-binary-path@1.0.1
138 silly idealTree:prePrune ├── is-buffer@1.1.3
138 silly idealTree:prePrune ├── is-dotfile@1.0.2
138 silly idealTree:prePrune ├── is-equal-shallow@0.1.3
138 silly idealTree:prePrune ├── is-extendable@0.1.1
138 silly idealTree:prePrune ├── is-extglob@1.0.0
138 silly idealTree:prePrune ├── is-finite@1.0.1
138 silly idealTree:prePrune ├── is-fullwidth-code-point@1.0.0
138 silly idealTree:prePrune ├── is-glob@2.0.1
138 silly idealTree:prePrune ├── is-my-json-valid@2.13.1
138 silly idealTree:prePrune ├── is-npm@1.0.0
138 silly idealTree:prePrune ├── is-number@2.1.0
138 silly idealTree:prePrune ├── is-plain-obj@1.1.0
138 silly idealTree:prePrune ├── is-primitive@2.0.0
138 silly idealTree:prePrune ├── is-property@1.0.2
138 silly idealTree:prePrune ├── is-redirect@1.0.0
138 silly idealTree:prePrune ├── is-relative@0.2.1
138 silly idealTree:prePrune ├── is-retry-allowed@1.0.0
138 silly idealTree:prePrune ├── is-stream@1.0.1
138 silly idealTree:prePrune ├── is-unc-path@0.1.1
138 silly idealTree:prePrune ├── is-utf8@0.2.1
138 silly idealTree:prePrune ├── is-windows@0.1.1
138 silly idealTree:prePrune ├── isarray@0.0.1
138 silly idealTree:prePrune ├── isobject@2.0.0
138 silly idealTree:prePrune ├── isstream@0.1.2
138 silly idealTree:prePrune ├── js-tokens@1.0.2
138 silly idealTree:prePrune ├── json-stringify-safe@5.0.1
138 silly idealTree:prePrune ├── json3@3.2.6
138 silly idealTree:prePrune ├── jsonfile@2.2.3
138 silly idealTree:prePrune ├── jsonpointer@2.0.0
138 silly idealTree:prePrune ├── kind-of@3.0.2
138 silly idealTree:prePrune ├── klaw@1.1.3
138 silly idealTree:prePrune ├── latest-version@2.0.0
138 silly idealTree:prePrune ├── lazy-cache@0.2.7
138 silly idealTree:prePrune ├── lcid@1.0.0
138 silly idealTree:prePrune ├── limiter@1.1.0
138 silly idealTree:prePrune ├── listify@1.0.0
138 silly idealTree:prePrune ├─┬ lite-server@2.1.0
138 silly idealTree:prePrune │ └── lodash@4.6.1
138 silly idealTree:prePrune ├── localtunnel@1.8.1
138 silly idealTree:prePrune ├── lockfile@1.0.1
138 silly idealTree:prePrune ├── lodash._arraycopy@3.0.0
138 silly idealTree:prePrune ├── lodash._arrayeach@3.0.0
138 silly idealTree:prePrune ├── lodash._basecopy@3.0.1
138 silly idealTree:prePrune ├── lodash._basefor@3.0.3
138 silly idealTree:prePrune ├── lodash._bindcallback@3.0.1
138 silly idealTree:prePrune ├── lodash._createassigner@3.1.1
138 silly idealTree:prePrune ├── lodash._getnative@3.9.1
138 silly idealTree:prePrune ├── lodash._isiterateecall@3.0.9
138 silly idealTree:prePrune ├── lodash.debounce@3.1.1
138 silly idealTree:prePrune ├── lodash.isarguments@3.0.8
138 silly idealTree:prePrune ├── lodash.isarray@3.0.4
138 silly idealTree:prePrune ├── lodash.isplainobject@3.2.0
138 silly idealTree:prePrune ├── lodash.istypedarray@3.0.5
138 silly idealTree:prePrune ├── lodash.keys@3.1.2
138 silly idealTree:prePrune ├── lodash.keysin@3.0.8
138 silly idealTree:prePrune ├── lodash.merge@3.3.2
138 silly idealTree:prePrune ├── lodash.restparam@3.6.1
138 silly idealTree:prePrune ├── lodash.toplainobject@3.0.0
138 silly idealTree:prePrune ├── lodash@3.1.0
138 silly idealTree:prePrune ├── log-update@1.0.2
138 silly idealTree:prePrune ├── longest@1.0.1
138 silly idealTree:prePrune ├── loose-envify@1.1.0
138 silly idealTree:prePrune ├── lowercase-keys@1.0.0
138 silly idealTree:prePrune ├── lru-cache@2.7.3
138 silly idealTree:prePrune ├── make-error-cause@1.1.0
138 silly idealTree:prePrune ├── make-error@1.1.1
138 silly idealTree:prePrune ├── map-obj@1.0.1
138 silly idealTree:prePrune ├── meow@3.3.0
138 silly idealTree:prePrune ├── methods@1.1.2
138 silly idealTree:prePrune ├── micromatch@2.3.5
138 silly idealTree:prePrune ├── mime-db@1.22.0
138 silly idealTree:prePrune ├── mime-types@2.1.10
138 silly idealTree:prePrune ├── mime@1.2.4
138 silly idealTree:prePrune ├── minimatch@2.0.10
138 silly idealTree:prePrune ├── minimist@1.2.0
138 silly idealTree:prePrune ├── mkdirp@0.3.0
138 silly idealTree:prePrune ├── moment@2.12.0
138 silly idealTree:prePrune ├── ms@0.7.1
138 silly idealTree:prePrune ├── mute-stream@0.0.5
138 silly idealTree:prePrune ├── nan@2.2.0
138 silly idealTree:prePrune ├── negotiator@0.5.3
138 silly idealTree:prePrune ├── node-status-codes@1.0.0
138 silly idealTree:prePrune ├── node-uuid@1.4.7
138 silly idealTree:prePrune ├── nopt@3.0.6
138 silly idealTree:prePrune ├── normalize-path@2.0.1
138 silly idealTree:prePrune ├── number-is-nan@1.0.0
138 silly idealTree:prePrune ├── oauth-sign@0.8.1
138 silly idealTree:prePrune ├── object-assign@3.0.0
138 silly idealTree:prePrune ├── object-component@0.0.3
138 silly idealTree:prePrune ├── object-keys@1.0.1
138 silly idealTree:prePrune ├── object-path@0.9.2
138 silly idealTree:prePrune ├── object.omit@2.0.0
138 silly idealTree:prePrune ├── object.pick@1.1.1
138 silly idealTree:prePrune ├── on-finished@2.3.0
138 silly idealTree:prePrune ├── once@1.3.3
138 silly idealTree:prePrune ├── onetime@1.1.0
138 silly idealTree:prePrune ├── openurl@1.1.0
138 silly idealTree:prePrune ├─┬ opn@3.0.3
138 silly idealTree:prePrune │ └── object-assign@4.0.1
138 silly idealTree:prePrune ├─┬ opt-merger@1.1.1
138 silly idealTree:prePrune │ └── lodash@3.10.1
138 silly idealTree:prePrune ├── options@0.0.6
138 silly idealTree:prePrune ├── os-homedir@1.0.1
138 silly idealTree:prePrune ├── os-locale@1.4.0
138 silly idealTree:prePrune ├── os-name@1.0.3
138 silly idealTree:prePrune ├── os-tmpdir@1.0.1
138 silly idealTree:prePrune ├── osenv@0.1.3
138 silly idealTree:prePrune ├── osx-release@1.1.0
138 silly idealTree:prePrune ├── package-json@2.3.1
138 silly idealTree:prePrune ├── parse-glob@3.0.4
138 silly idealTree:prePrune ├── parse-json@2.2.0
138 silly idealTree:prePrune ├── parsejson@0.0.1
138 silly idealTree:prePrune ├── parseqs@0.0.2
138 silly idealTree:prePrune ├── parseuri@0.0.2
138 silly idealTree:prePrune ├── parseurl@1.3.1
138 silly idealTree:prePrune ├── path-is-absolute@1.0.0
138 silly idealTree:prePrune ├── pinkie-promise@2.0.0
138 silly idealTree:prePrune ├── pinkie@2.0.4
138 silly idealTree:prePrune ├── popsicle-proxy-agent@1.0.0
138 silly idealTree:prePrune ├── popsicle-retry@1.0.1
138 silly idealTree:prePrune ├── popsicle-status@1.0.1
138 silly idealTree:prePrune ├─┬ popsicle@4.0.0
138 silly idealTree:prePrune │ ├── async@0.9.2
138 silly idealTree:prePrune │ ├── combined-stream@0.0.7
138 silly idealTree:prePrune │ ├── delayed-stream@0.0.5
138 silly idealTree:prePrune │ ├── form-data@0.2.0
138 silly idealTree:prePrune │ ├── mime-db@1.12.0
138 silly idealTree:prePrune │ └── mime-types@2.0.14
138 silly idealTree:prePrune ├─┬ portscanner@1.0.0
138 silly idealTree:prePrune │ └── async@0.1.15
138 silly idealTree:prePrune ├── prepend-http@1.0.3
138 silly idealTree:prePrune ├── preserve@0.2.0
138 silly idealTree:prePrune ├── process-nextick-args@1.0.6
138 silly idealTree:prePrune ├── promise-finally@2.1.0
138 silly idealTree:prePrune ├── qs@0.4.2
138 silly idealTree:prePrune ├── query-string@2.4.2
138 silly idealTree:prePrune ├── randomatic@1.1.5
138 silly idealTree:prePrune ├── range-parser@1.0.3
138 silly idealTree:prePrune ├── rc@1.1.6
138 silly idealTree:prePrune ├── read-all-stream@3.1.0
138 silly idealTree:prePrune ├── readable-stream@2.0.5
138 silly idealTree:prePrune ├── readdirp@2.0.0
138 silly idealTree:prePrune ├── readline2@1.0.1
138 silly idealTree:prePrune ├── reflect-metadata@0.1.2
138 silly idealTree:prePrune ├── regex-cache@0.4.2
138 silly idealTree:prePrune ├── registry-url@3.0.3
138 silly idealTree:prePrune ├── repeat-element@1.1.2
138 silly idealTree:prePrune ├── repeat-string@1.5.4
138 silly idealTree:prePrune ├── repeating@1.1.3
138 silly idealTree:prePrune ├─┬ request@2.65.0
138 silly idealTree:prePrune │ └── qs@5.2.0
138 silly idealTree:prePrune ├── requires-port@1.0.0
138 silly idealTree:prePrune ├── resp-modifier@5.0.2
138 silly idealTree:prePrune ├── restore-cursor@1.0.1
138 silly idealTree:prePrune ├── rimraf@2.5.2
138 silly idealTree:prePrune ├── run-async@0.1.0
138 silly idealTree:prePrune ├── rx-lite@3.1.2
138 silly idealTree:prePrune ├── rx@2.3.24
138 silly idealTree:prePrune ├── rxjs@5.0.0-beta.2
138 silly idealTree:prePrune ├── semver-diff@2.1.0
138 silly idealTree:prePrune ├── semver@5.1.0
138 silly idealTree:prePrune ├─┬ send@0.13.1
138 silly idealTree:prePrune │ └── mime@1.3.4
138 silly idealTree:prePrune ├── serve-index@1.7.3
138 silly idealTree:prePrune ├── serve-static@1.10.2
138 silly idealTree:prePrune ├── slide@1.1.6
138 silly idealTree:prePrune ├── sntp@1.0.9
138 silly idealTree:prePrune ├─┬ socket.io-adapter@0.3.1
138 silly idealTree:prePrune │ ├── debug@1.0.2
138 silly idealTree:prePrune │ ├── ms@0.6.2
138 silly idealTree:prePrune │ └─┬ socket.io-parser@2.2.2
138 silly idealTree:prePrune │   └── debug@0.7.4
138 silly idealTree:prePrune ├─┬ socket.io-client@1.3.7
138 silly idealTree:prePrune │ └── debug@0.7.4
138 silly idealTree:prePrune ├─┬ socket.io-parser@2.2.4
138 silly idealTree:prePrune │ └── debug@0.7.4
138 silly idealTree:prePrune ├─┬ socket.io@1.3.7
138 silly idealTree:prePrune │ ├── debug@2.1.0
138 silly idealTree:prePrune │ └── ms@0.6.2
138 silly idealTree:prePrune ├── sort-keys@1.1.1
138 silly idealTree:prePrune ├── statuses@1.2.1
138 silly idealTree:prePrune ├── stream-throttle@0.1.3
138 silly idealTree:prePrune ├── strict-uri-encode@1.1.0
138 silly idealTree:prePrune ├── string_decoder@0.10.31
138 silly idealTree:prePrune ├── string-template@1.0.0
138 silly idealTree:prePrune ├─┬ string-width@1.0.1
138 silly idealTree:prePrune │ ├── ansi-regex@2.0.0
138 silly idealTree:prePrune │ └── strip-ansi@3.0.1
138 silly idealTree:prePrune ├── stringstream@0.0.5
138 silly idealTree:prePrune ├── strip-ansi@0.3.0
138 silly idealTree:prePrune ├── strip-bom@2.0.0
138 silly idealTree:prePrune ├── strip-json-comments@1.0.4
138 silly idealTree:prePrune ├── supports-color@0.2.0
138 silly idealTree:prePrune ├── systemjs@0.19.22
138 silly idealTree:prePrune ├── tfunk@3.0.1
138 silly idealTree:prePrune ├── thenify@3.2.0
138 silly idealTree:prePrune ├── through@2.3.8
138 silly idealTree:prePrune ├── timed-out@2.0.0
138 silly idealTree:prePrune ├── to-array@0.1.3
138 silly idealTree:prePrune ├─┬ touch@1.0.0
138 silly idealTree:prePrune │ └── nopt@1.0.10
138 silly idealTree:prePrune ├── tough-cookie@2.2.1
138 silly idealTree:prePrune ├── tunnel-agent@0.4.2
138 silly idealTree:prePrune ├── typedarray@0.0.6
138 silly idealTree:prePrune ├── typescript@1.8.7
138 silly idealTree:prePrune ├─┬ typings@0.6.10
138 silly idealTree:prePrune │ ├── ansi-regex@2.0.0
138 silly idealTree:prePrune │ ├── ansi-styles@2.2.0
138 silly idealTree:prePrune │ ├── bluebird@3.3.4
138 silly idealTree:prePrune │ ├── chalk@1.1.1
138 silly idealTree:prePrune │ ├── has-ansi@2.0.0
138 silly idealTree:prePrune │ ├─┬ mkdirp@0.5.1
138 silly idealTree:prePrune │ │ └── minimist@0.0.8
138 silly idealTree:prePrune │ ├── strip-ansi@3.0.1
138 silly idealTree:prePrune │ └── supports-color@2.0.0
138 silly idealTree:prePrune ├── ua-parser-js@0.7.10
138 silly idealTree:prePrune ├── ucfirst@1.0.0
138 silly idealTree:prePrune ├── ultron@1.0.2
138 silly idealTree:prePrune ├── unc-path-regex@0.1.1
138 silly idealTree:prePrune ├── underscore@1.7.0
138 silly idealTree:prePrune ├── unpipe@1.0.0
138 silly idealTree:prePrune ├── unzip-response@1.0.0
138 silly idealTree:prePrune ├─┬ update-notifier@0.6.1
138 silly idealTree:prePrune │ ├── ansi-regex@2.0.0
138 silly idealTree:prePrune │ ├── ansi-styles@2.2.0
138 silly idealTree:prePrune │ ├── chalk@1.1.1
138 silly idealTree:prePrune │ ├── has-ansi@2.0.0
138 silly idealTree:prePrune │ ├── strip-ansi@3.0.1
138 silly idealTree:prePrune │ └── supports-color@2.0.0
138 silly idealTree:prePrune ├── url-parse-lax@1.0.0
138 silly idealTree:prePrune ├── utf-8-validate@1.2.1
138 silly idealTree:prePrune ├── utf8@2.1.0
138 silly idealTree:prePrune ├── util-deprecate@1.0.2
138 silly idealTree:prePrune ├── utils-merge@1.0.0
138 silly idealTree:prePrune ├── uuid@2.0.1
138 silly idealTree:prePrune ├── wcwidth@1.0.0
138 silly idealTree:prePrune ├── weinre@2.0.0-pre-I0Z7U9OV
138 silly idealTree:prePrune ├── when@3.7.7
138 silly idealTree:prePrune ├── widest-line@1.0.0
138 silly idealTree:prePrune ├── win-release@1.1.1
138 silly idealTree:prePrune ├── window-size@0.1.4
138 silly idealTree:prePrune ├── wordwrap@1.0.0
138 silly idealTree:prePrune ├── wrap-ansi@1.0.0
138 silly idealTree:prePrune ├── wrappy@1.0.1
138 silly idealTree:prePrune ├── write-file-atomic@1.1.4
138 silly idealTree:prePrune ├── ws@0.8.0
138 silly idealTree:prePrune ├── xdg-basedir@2.0.0
138 silly idealTree:prePrune ├── xmlhttprequest@1.5.0
138 silly idealTree:prePrune ├── xtend@4.0.1
138 silly idealTree:prePrune ├── y18n@3.2.0
138 silly idealTree:prePrune ├── yargs@3.29.0
138 silly idealTree:prePrune ├── zip-object@0.1.0
138 silly idealTree:prePrune └── zone.js@0.5.15
139 silly loadIdealTree Finishing
140 silly currentTree angular2-starter@1.0.0
140 silly currentTree ├── abbrev@1.0.7
140 silly currentTree ├── accepts@1.2.13
140 silly currentTree ├── after@0.8.1
140 silly currentTree ├─┬ agent-base@2.0.1
140 silly currentTree │ └── semver@5.0.3
140 silly currentTree ├── angular2@2.0.0-beta.8
140 silly currentTree ├── ansi-escapes@1.3.0
140 silly currentTree ├── ansi-regex@0.2.1
140 silly currentTree ├── ansi-styles@1.1.0
140 silly currentTree ├── any-promise@1.1.0
140 silly currentTree ├── anymatch@1.3.0
140 silly currentTree ├── archy@1.0.0
140 silly currentTree ├── arr-diff@2.0.0
140 silly currentTree ├── arr-flatten@1.0.1
140 silly currentTree ├── array-uniq@1.0.2
140 silly currentTree ├── array-unique@0.2.1
140 silly currentTree ├── arraybuffer.slice@0.0.6
140 silly currentTree ├── arrify@1.0.1
140 silly currentTree ├── asn1@0.1.11
140 silly currentTree ├── assert-plus@0.1.5
140 silly currentTree ├── async-each-series@0.1.1
140 silly currentTree ├── async-each@0.1.6
140 silly currentTree ├── async@1.5.2
140 silly currentTree ├── aws-sign2@0.6.0
140 silly currentTree ├── backo2@1.0.2
140 silly currentTree ├── balanced-match@0.3.0
140 silly currentTree ├── base64-arraybuffer@0.1.2
140 silly currentTree ├── base64id@0.1.0
140 silly currentTree ├── batch@0.5.3
140 silly currentTree ├── benchmark@1.0.0
140 silly currentTree ├── better-assert@1.0.2
140 silly currentTree ├── binary-extensions@1.4.0
140 silly currentTree ├── bl@1.0.3
140 silly currentTree ├── blob@0.0.4
140 silly currentTree ├── bluebird@2.9.6
140 silly currentTree ├── boom@2.10.1
140 silly currentTree ├── bootstrap@3.3.6
140 silly currentTree ├─┬ boxen@0.3.1
140 silly currentTree │ ├── ansi-regex@2.0.0
140 silly currentTree │ ├── ansi-styles@2.2.0
140 silly currentTree │ ├── chalk@1.1.1
140 silly currentTree │ ├── has-ansi@2.0.0
140 silly currentTree │ ├── object-assign@4.0.1
140 silly currentTree │ ├── repeating@2.0.0
140 silly currentTree │ ├── strip-ansi@3.0.1
140 silly currentTree │ └── supports-color@2.0.0
140 silly currentTree ├── brace-expansion@1.1.3
140 silly currentTree ├── braces@1.8.3
140 silly currentTree ├── browser-sync-client@2.4.1
140 silly currentTree ├── browser-sync-ui@0.5.18
140 silly currentTree ├─┬ browser-sync@2.11.1
140 silly currentTree │ └── lodash@3.10.1
140 silly currentTree ├── bs-recipes@1.1.0
140 silly currentTree ├── callsite@1.0.0
140 silly currentTree ├── camelcase-keys@1.0.0
140 silly currentTree ├── camelcase@1.2.1
140 silly currentTree ├── capture-stack-trace@1.0.0
140 silly currentTree ├── caseless@0.11.0
140 silly currentTree ├── chalk@0.5.1
140 silly currentTree ├── chokidar@1.4.1
140 silly currentTree ├── cli-cursor@1.0.2
140 silly currentTree ├── cli-width@2.1.0
140 silly currentTree ├─┬ cliui@3.1.0
140 silly currentTree │ ├── ansi-regex@2.0.0
140 silly currentTree │ └── strip-ansi@3.0.1
140 silly currentTree ├── clone@1.0.2
140 silly currentTree ├── code-point-at@1.0.0
140 silly currentTree ├── color-convert@1.0.0
140 silly currentTree ├─┬ columnify@1.5.4
140 silly currentTree │ ├── ansi-regex@2.0.0
140 silly currentTree │ └── strip-ansi@3.0.1
140 silly currentTree ├── combined-stream@1.0.5
140 silly currentTree ├── commander@2.6.0
140 silly currentTree ├── component-bind@1.0.0
140 silly currentTree ├── component-emitter@1.1.2
140 silly currentTree ├── component-inherit@0.0.3
140 silly currentTree ├── concat-map@0.0.1
140 silly currentTree ├── concat-stream@1.5.1
140 silly currentTree ├── concurrently@2.0.0
140 silly currentTree ├─┬ configstore@1.4.0
140 silly currentTree │ ├── minimist@0.0.8
140 silly currentTree │ ├── mkdirp@0.5.1
140 silly currentTree │ └── object-assign@4.0.1
140 silly currentTree ├── connect-history-api-fallback@1.1.0
140 silly currentTree ├── connect-logger@0.0.1
140 silly currentTree ├── connect@3.4.1
140 silly currentTree ├── core-util-is@1.0.2
140 silly currentTree ├── create-error-class@2.0.1
140 silly currentTree ├── cross-spawn@0.2.9
140 silly currentTree ├── cryptiles@2.0.5
140 silly currentTree ├── ctype@0.5.3
140 silly currentTree ├── debug@2.2.0
140 silly currentTree ├── decamelize@1.2.0
140 silly currentTree ├── deep-extend@0.4.1
140 silly currentTree ├── defaults@1.0.3
140 silly currentTree ├── delayed-stream@1.0.0
140 silly currentTree ├── depd@1.1.0
140 silly currentTree ├── destroy@1.0.4
140 silly currentTree ├─┬ detect-indent@4.0.0
140 silly currentTree │ └── repeating@2.0.0
140 silly currentTree ├── dev-ip@1.0.1
140 silly currentTree ├── duplexer2@0.1.4
140 silly currentTree ├─┬ easy-extender@2.3.2
140 silly currentTree │ └── lodash@3.10.1
140 silly currentTree ├── eazy-logger@2.1.2
140 silly currentTree ├── ee-first@1.1.1
140 silly currentTree ├── elegant-spinner@1.0.1
140 silly currentTree ├── emitter-steward@1.0.0
140 silly currentTree ├─┬ engine.io-client@1.5.4
140 silly currentTree │ ├── debug@1.0.4
140 silly currentTree │ ├── ms@0.6.2
140 silly currentTree │ └── parseuri@0.0.4
140 silly currentTree ├── engine.io-parser@1.2.2
140 silly currentTree ├─┬ engine.io@1.5.4
140 silly currentTree │ ├── debug@1.0.3
140 silly currentTree │ └── ms@0.6.2
140 silly currentTree ├── error-ex@1.3.0
140 silly currentTree ├── es6-module-loader@0.17.11
140 silly currentTree ├── es6-promise@3.1.2
140 silly currentTree ├── es6-shim@0.33.13
140 silly currentTree ├── escape-html@1.0.3
140 silly currentTree ├── escape-string-regexp@1.0.5
140 silly currentTree ├── etag@1.7.0
140 silly currentTree ├── eventemitter3@1.1.1
140 silly currentTree ├── exit-hook@1.1.1
140 silly currentTree ├── expand-brackets@0.1.4
140 silly currentTree ├── expand-range@1.8.1
140 silly currentTree ├─┬ express@2.5.11
140 silly currentTree │ └── connect@1.9.2
140 silly currentTree ├── extend@3.0.0
140 silly currentTree ├── extglob@0.3.2
140 silly currentTree ├── figures@1.4.0
140 silly currentTree ├── filename-regex@2.0.0
140 silly currentTree ├── fill-range@2.2.3
140 silly currentTree ├── filled-array@1.1.0
140 silly currentTree ├── finalhandler@0.4.1
140 silly currentTree ├── for-in@0.1.4
140 silly currentTree ├── for-own@0.1.3
140 silly currentTree ├── forever-agent@0.6.1
140 silly currentTree ├── form-data@1.0.0-rc3
140 silly currentTree ├── formidable@1.0.17
140 silly currentTree ├─┬ foxy@11.1.4
140 silly currentTree │ └── resp-modifier@4.0.4
140 silly currentTree ├── fresh@0.3.0
140 silly currentTree ├── fs-extra@0.26.5
140 silly currentTree ├─┬ fsevents@1.0.8
140 silly currentTree │ ├── ansi-regex@2.0.0
140 silly currentTree │ ├── ansi-styles@2.1.0
140 silly currentTree │ ├── ansi@0.3.1
140 silly currentTree │ ├── are-we-there-yet@1.0.6
140 silly currentTree │ ├── asn1@0.2.3
140 silly currentTree │ ├── assert-plus@0.2.0
140 silly currentTree │ ├── async@1.5.2
140 silly currentTree │ ├── aws-sign2@0.6.0
140 silly currentTree │ ├─┬ aws4@1.2.1
140 silly currentTree │ │ └── lru-cache@2.7.3
140 silly currentTree │ ├── bl@1.0.2
140 silly currentTree │ ├── block-stream@0.0.8
140 silly currentTree │ ├── boom@2.10.1
140 silly currentTree │ ├── caseless@0.11.0
140 silly currentTree │ ├── chalk@1.1.1
140 silly currentTree │ ├── combined-stream@1.0.5
140 silly currentTree │ ├── commander@2.9.0
140 silly currentTree │ ├── core-util-is@1.0.2
140 silly currentTree │ ├── cryptiles@2.0.5
140 silly currentTree │ ├── dashdash@1.12.2
140 silly currentTree │ ├── debug@2.2.0
140 silly currentTree │ ├── deep-extend@0.4.1
140 silly currentTree │ ├── delayed-stream@1.0.0
140 silly currentTree │ ├── delegates@1.0.0
140 silly currentTree │ ├── ecc-jsbn@0.1.1
140 silly currentTree │ ├── escape-string-regexp@1.0.4
140 silly currentTree │ ├── extend@3.0.0
140 silly currentTree │ ├── extsprintf@1.0.2
140 silly currentTree │ ├── forever-agent@0.6.1
140 silly currentTree │ ├── form-data@1.0.0-rc3
140 silly currentTree │ ├─┬ fstream-ignore@1.0.3
140 silly currentTree │ │ └─┬ minimatch@3.0.0
140 silly currentTree │ │   └─┬ brace-expansion@1.1.2
140 silly currentTree │ │     ├── balanced-match@0.3.0
140 silly currentTree │ │     └── concat-map@0.0.1
140 silly currentTree │ ├── fstream@1.0.8
140 silly currentTree │ ├── gauge@1.2.5
140 silly currentTree │ ├── generate-function@2.0.0
140 silly currentTree │ ├── generate-object-property@1.2.0
140 silly currentTree │ ├── graceful-fs@4.1.3
140 silly currentTree │ ├── graceful-readlink@1.0.1
140 silly currentTree │ ├── har-validator@2.0.6
140 silly currentTree │ ├── has-ansi@2.0.0
140 silly currentTree │ ├── has-unicode@2.0.0
140 silly currentTree │ ├── hawk@3.1.3
140 silly currentTree │ ├── hoek@2.16.3
140 silly currentTree │ ├── http-signature@1.1.1
140 silly currentTree │ ├── inherits@2.0.1
140 silly currentTree │ ├── ini@1.3.4
140 silly currentTree │ ├── is-my-json-valid@2.12.4
140 silly currentTree │ ├── is-property@1.0.2
140 silly currentTree │ ├── is-typedarray@1.0.0
140 silly currentTree │ ├── isarray@0.0.1
140 silly currentTree │ ├── isstream@0.1.2
140 silly currentTree │ ├── jodid25519@1.0.2
140 silly currentTree │ ├── jsbn@0.1.0
140 silly currentTree │ ├── json-schema@0.2.2
140 silly currentTree │ ├── json-stringify-safe@5.0.1
140 silly currentTree │ ├── jsonpointer@2.0.0
140 silly currentTree │ ├── jsprim@1.2.2
140 silly currentTree │ ├── lodash._basetostring@3.0.1
140 silly currentTree │ ├── lodash._createpadding@3.6.1
140 silly currentTree │ ├── lodash._root@3.0.0
140 silly currentTree │ ├── lodash.pad@3.3.0
140 silly currentTree │ ├── lodash.padleft@3.1.1
140 silly currentTree │ ├── lodash.padright@3.1.1
140 silly currentTree │ ├── lodash.repeat@3.2.0
140 silly currentTree │ ├── mime-db@1.21.0
140 silly currentTree │ ├── mime-types@2.1.9
140 silly currentTree │ ├── minimist@0.0.8
140 silly currentTree │ ├── mkdirp@0.5.1
140 silly currentTree │ ├── ms@0.7.1
140 silly currentTree │ ├─┬ node-pre-gyp@0.6.21
140 silly currentTree │ │ └─┬ nopt@3.0.6
140 silly currentTree │ │   └── abbrev@1.0.7
140 silly currentTree │ ├── node-uuid@1.4.7
140 silly currentTree │ ├── npmlog@2.0.2
140 silly currentTree │ ├── oauth-sign@0.8.1
140 silly currentTree │ ├── once@1.3.3
140 silly currentTree │ ├── pinkie-promise@2.0.0
140 silly currentTree │ ├── pinkie@2.0.4
140 silly currentTree │ ├── process-nextick-args@1.0.6
140 silly currentTree │ ├── qs@6.0.2
140 silly currentTree │ ├─┬ rc@1.1.6
140 silly currentTree │ │ └── minimist@1.2.0
140 silly currentTree │ ├── readable-stream@2.0.5
140 silly currentTree │ ├── request@2.69.0
140 silly currentTree │ ├─┬ rimraf@2.5.1
140 silly currentTree │ │ └─┬ glob@6.0.4
140 silly currentTree │ │   ├─┬ inflight@1.0.4
140 silly currentTree │ │   │ └── wrappy@1.0.1
140 silly currentTree │ │   ├── inherits@2.0.1
140 silly currentTree │ │   ├─┬ minimatch@3.0.0
140 silly currentTree │ │   │ └─┬ brace-expansion@1.1.2
140 silly currentTree │ │   │   ├── balanced-match@0.3.0
140 silly currentTree │ │   │   └── concat-map@0.0.1
140 silly currentTree │ │   ├─┬ once@1.3.3
140 silly currentTree │ │   │ └── wrappy@1.0.1
140 silly currentTree │ │   └── path-is-absolute@1.0.0
140 silly currentTree │ ├── semver@5.1.0
140 silly currentTree │ ├── sntp@1.0.9
140 silly currentTree │ ├── sshpk@1.7.3
140 silly currentTree │ ├── string_decoder@0.10.31
140 silly currentTree │ ├── stringstream@0.0.5
140 silly currentTree │ ├── strip-ansi@3.0.0
140 silly currentTree │ ├── strip-json-comments@1.0.4
140 silly currentTree │ ├── supports-color@2.0.0
140 silly currentTree │ ├── tar-pack@3.1.3
140 silly currentTree │ ├── tar@2.2.1
140 silly currentTree │ ├── tough-cookie@2.2.1
140 silly currentTree │ ├── tunnel-agent@0.4.2
140 silly currentTree │ ├── tweetnacl@0.13.3
140 silly currentTree │ ├── uid-number@0.0.6
140 silly currentTree │ ├── util-deprecate@1.0.2
140 silly currentTree │ ├── verror@1.3.6
140 silly currentTree │ ├── wrappy@1.0.1
140 silly currentTree │ └── xtend@4.0.1
140 silly currentTree ├── function-bind@1.1.0
140 silly currentTree ├── generate-function@2.0.0
140 silly currentTree ├── generate-object-property@1.2.0
140 silly currentTree ├── get-stdin@4.0.1
140 silly currentTree ├── glob-base@0.3.0
140 silly currentTree ├── glob-parent@2.0.0
140 silly currentTree ├── glob@7.0.3
140 silly currentTree ├── global@2.0.1
140 silly currentTree ├─┬ got@5.5.0
140 silly currentTree │ └── object-assign@4.0.1
140 silly currentTree ├── graceful-fs@4.1.3
140 silly currentTree ├── graceful-readlink@1.0.1
140 silly currentTree ├─┬ har-validator@2.0.6
140 silly currentTree │ ├── ansi-regex@2.0.0
140 silly currentTree │ ├── ansi-styles@2.2.0
140 silly currentTree │ ├── chalk@1.1.1
140 silly currentTree │ ├── commander@2.9.0
140 silly currentTree │ ├── has-ansi@2.0.0
140 silly currentTree │ ├── strip-ansi@3.0.1
140 silly currentTree │ └── supports-color@2.0.0
140 silly currentTree ├── has-ansi@0.1.0
140 silly currentTree ├── has-binary-data@0.1.3
140 silly currentTree ├── has-binary@0.1.6
140 silly currentTree ├── has-cors@1.0.3
140 silly currentTree ├── has@1.0.1
140 silly currentTree ├── hawk@3.1.3
140 silly currentTree ├── hoek@2.16.3
140 silly currentTree ├── http-errors@1.3.1
140 silly currentTree ├── http-proxy-agent@1.0.0
140 silly currentTree ├── http-proxy@1.13.2
140 silly currentTree ├── http-signature@0.11.0
140 silly currentTree ├── https-proxy-agent@1.0.0
140 silly currentTree ├── immutable@3.7.6
140 silly currentTree ├── imurmurhash@0.1.4
140 silly currentTree ├── indent-string@1.2.2
140 silly currentTree ├── indexof@0.0.1
140 silly currentTree ├── inflight@1.0.4
140 silly currentTree ├── inherits@2.0.1
140 silly currentTree ├── ini@1.3.4
140 silly currentTree ├─┬ inquirer@0.12.0
140 silly currentTree │ ├── ansi-regex@2.0.0
140 silly currentTree │ ├── ansi-styles@2.2.0
140 silly currentTree │ ├── chalk@1.1.1
140 silly currentTree │ ├── has-ansi@2.0.0
140 silly currentTree │ ├── lodash@4.6.1
140 silly currentTree │ ├── strip-ansi@3.0.1
140 silly currentTree │ └── supports-color@2.0.0
140 silly currentTree ├─┬ insight@0.7.0
140 silly currentTree │ ├── ansi-regex@2.0.0
140 silly currentTree │ ├── ansi-styles@2.2.0
140 silly currentTree │ ├── chalk@1.1.1
140 silly currentTree │ ├── cli-width@1.1.1
140 silly currentTree │ ├── has-ansi@2.0.0
140 silly currentTree │ ├── inquirer@0.10.1
140 silly currentTree │ ├── lodash@3.10.1
140 silly currentTree │ ├── object-assign@4.0.1
140 silly currentTree │ ├── strip-ansi@3.0.1
140 silly currentTree │ └── supports-color@2.0.0
140 silly currentTree ├── invariant@2.2.1
140 silly currentTree ├── invert-kv@1.0.0
140 silly currentTree ├── is-absolute@0.2.3
140 silly currentTree ├── is-arrayish@0.2.1
140 silly currentTree ├── is-binary-path@1.0.1
140 silly currentTree ├── is-buffer@1.1.3
140 silly currentTree ├── is-dotfile@1.0.2
140 silly currentTree ├── is-equal-shallow@0.1.3
140 silly currentTree ├── is-extendable@0.1.1
140 silly currentTree ├── is-extglob@1.0.0
140 silly currentTree ├── is-finite@1.0.1
140 silly currentTree ├── is-fullwidth-code-point@1.0.0
140 silly currentTree ├── is-glob@2.0.1
140 silly currentTree ├── is-my-json-valid@2.13.1
140 silly currentTree ├── is-npm@1.0.0
140 silly currentTree ├── is-number@2.1.0
140 silly currentTree ├── is-plain-obj@1.1.0
140 silly currentTree ├── is-primitive@2.0.0
140 silly currentTree ├── is-property@1.0.2
140 silly currentTree ├── is-redirect@1.0.0
140 silly currentTree ├── is-relative@0.2.1
140 silly currentTree ├── is-retry-allowed@1.0.0
140 silly currentTree ├── is-stream@1.0.1
140 silly currentTree ├── is-unc-path@0.1.1
140 silly currentTree ├── is-utf8@0.2.1
140 silly currentTree ├── is-windows@0.1.1
140 silly currentTree ├── isarray@0.0.1
140 silly currentTree ├── isobject@2.0.0
140 silly currentTree ├── isstream@0.1.2
140 silly currentTree ├── js-tokens@1.0.2
140 silly currentTree ├── json-stringify-safe@5.0.1
140 silly currentTree ├── json3@3.2.6
140 silly currentTree ├── jsonfile@2.2.3
140 silly currentTree ├── jsonpointer@2.0.0
140 silly currentTree ├── kind-of@3.0.2
140 silly currentTree ├── klaw@1.1.3
140 silly currentTree ├── latest-version@2.0.0
140 silly currentTree ├── lazy-cache@0.2.7
140 silly currentTree ├── lcid@1.0.0
140 silly currentTree ├── limiter@1.1.0
140 silly currentTree ├── listify@1.0.0
140 silly currentTree ├─┬ lite-server@2.1.0
140 silly currentTree │ └── lodash@4.6.1
140 silly currentTree ├── localtunnel@1.8.1
140 silly currentTree ├── lockfile@1.0.1
140 silly currentTree ├── lodash._arraycopy@3.0.0
140 silly currentTree ├── lodash._arrayeach@3.0.0
140 silly currentTree ├── lodash._basecopy@3.0.1
140 silly currentTree ├── lodash._basefor@3.0.3
140 silly currentTree ├── lodash._bindcallback@3.0.1
140 silly currentTree ├── lodash._createassigner@3.1.1
140 silly currentTree ├── lodash._getnative@3.9.1
140 silly currentTree ├── lodash._isiterateecall@3.0.9
140 silly currentTree ├── lodash.debounce@3.1.1
140 silly currentTree ├── lodash.isarguments@3.0.8
140 silly currentTree ├── lodash.isarray@3.0.4
140 silly currentTree ├── lodash.isplainobject@3.2.0
140 silly currentTree ├── lodash.istypedarray@3.0.5
140 silly currentTree ├── lodash.keys@3.1.2
140 silly currentTree ├── lodash.keysin@3.0.8
140 silly currentTree ├── lodash.merge@3.3.2
140 silly currentTree ├── lodash.restparam@3.6.1
140 silly currentTree ├── lodash.toplainobject@3.0.0
140 silly currentTree ├── lodash@3.1.0
140 silly currentTree ├── log-update@1.0.2
140 silly currentTree ├── longest@1.0.1
140 silly currentTree ├── loose-envify@1.1.0
140 silly currentTree ├── lowercase-keys@1.0.0
140 silly currentTree ├── lru-cache@2.7.3
140 silly currentTree ├── make-error-cause@1.1.0
140 silly currentTree ├── make-error@1.1.1
140 silly currentTree ├── map-obj@1.0.1
140 silly currentTree ├── meow@3.3.0
140 silly currentTree ├── methods@1.1.2
140 silly currentTree ├── micromatch@2.3.5
140 silly currentTree ├── mime-db@1.22.0
140 silly currentTree ├── mime-types@2.1.10
140 silly currentTree ├── mime@1.2.4
140 silly currentTree ├── minimatch@2.0.10
140 silly currentTree ├── minimist@1.2.0
140 silly currentTree ├── mkdirp@0.3.0
140 silly currentTree ├── moment@2.12.0
140 silly currentTree ├── ms@0.7.1
140 silly currentTree ├── mute-stream@0.0.5
140 silly currentTree ├── nan@2.2.0
140 silly currentTree ├── negotiator@0.5.3
140 silly currentTree ├── node-status-codes@1.0.0
140 silly currentTree ├── node-uuid@1.4.7
140 silly currentTree ├── nopt@3.0.6
140 silly currentTree ├── normalize-path@2.0.1
140 silly currentTree ├── number-is-nan@1.0.0
140 silly currentTree ├── oauth-sign@0.8.1
140 silly currentTree ├── object-assign@3.0.0
140 silly currentTree ├── object-component@0.0.3
140 silly currentTree ├── object-keys@1.0.1
140 silly currentTree ├── object-path@0.9.2
140 silly currentTree ├── object.omit@2.0.0
140 silly currentTree ├── object.pick@1.1.1
140 silly currentTree ├── on-finished@2.3.0
140 silly currentTree ├── once@1.3.3
140 silly currentTree ├── onetime@1.1.0
140 silly currentTree ├── openurl@1.1.0
140 silly currentTree ├─┬ opn@3.0.3
140 silly currentTree │ └── object-assign@4.0.1
140 silly currentTree ├─┬ opt-merger@1.1.1
140 silly currentTree │ └── lodash@3.10.1
140 silly currentTree ├── options@0.0.6
140 silly currentTree ├── os-homedir@1.0.1
140 silly currentTree ├── os-locale@1.4.0
140 silly currentTree ├── os-name@1.0.3
140 silly currentTree ├── os-tmpdir@1.0.1
140 silly currentTree ├── osenv@0.1.3
140 silly currentTree ├── osx-release@1.1.0
140 silly currentTree ├── package-json@2.3.1
140 silly currentTree ├── parse-glob@3.0.4
140 silly currentTree ├── parse-json@2.2.0
140 silly currentTree ├── parsejson@0.0.1
140 silly currentTree ├── parseqs@0.0.2
140 silly currentTree ├── parseuri@0.0.2
140 silly currentTree ├── parseurl@1.3.1
140 silly currentTree ├── path-is-absolute@1.0.0
140 silly currentTree ├── pinkie-promise@2.0.0
140 silly currentTree ├── pinkie@2.0.4
140 silly currentTree ├── popsicle-proxy-agent@1.0.0
140 silly currentTree ├── popsicle-retry@1.0.1
140 silly currentTree ├── popsicle-status@1.0.1
140 silly currentTree ├─┬ popsicle@4.0.0
140 silly currentTree │ ├── async@0.9.2
140 silly currentTree │ ├── combined-stream@0.0.7
140 silly currentTree │ ├── delayed-stream@0.0.5
140 silly currentTree │ ├── form-data@0.2.0
140 silly currentTree │ ├── mime-db@1.12.0
140 silly currentTree │ └── mime-types@2.0.14
140 silly currentTree ├─┬ portscanner@1.0.0
140 silly currentTree │ └── async@0.1.15
140 silly currentTree ├── prepend-http@1.0.3
140 silly currentTree ├── preserve@0.2.0
140 silly currentTree ├── process-nextick-args@1.0.6
140 silly currentTree ├── promise-finally@2.1.0
140 silly currentTree ├── qs@0.4.2
140 silly currentTree ├── query-string@2.4.2
140 silly currentTree ├── randomatic@1.1.5
140 silly currentTree ├── range-parser@1.0.3
140 silly currentTree ├── rc@1.1.6
140 silly currentTree ├── read-all-stream@3.1.0
140 silly currentTree ├── readable-stream@2.0.5
140 silly currentTree ├── readdirp@2.0.0
140 silly currentTree ├── readline2@1.0.1
140 silly currentTree ├── reflect-metadata@0.1.2
140 silly currentTree ├── regex-cache@0.4.2
140 silly currentTree ├── registry-url@3.0.3
140 silly currentTree ├── repeat-element@1.1.2
140 silly currentTree ├── repeat-string@1.5.4
140 silly currentTree ├── repeating@1.1.3
140 silly currentTree ├─┬ request@2.65.0
140 silly currentTree │ └── qs@5.2.0
140 silly currentTree ├── requires-port@1.0.0
140 silly currentTree ├── resp-modifier@5.0.2
140 silly currentTree ├── restore-cursor@1.0.1
140 silly currentTree ├── rimraf@2.5.2
140 silly currentTree ├── run-async@0.1.0
140 silly currentTree ├── rx-lite@3.1.2
140 silly currentTree ├── rx@2.3.24
140 silly currentTree ├── rxjs@5.0.0-beta.2
140 silly currentTree ├── semver-diff@2.1.0
140 silly currentTree ├── semver@5.1.0
140 silly currentTree ├─┬ send@0.13.1
140 silly currentTree │ └── mime@1.3.4
140 silly currentTree ├── serve-index@1.7.3
140 silly currentTree ├── serve-static@1.10.2
140 silly currentTree ├── slide@1.1.6
140 silly currentTree ├── sntp@1.0.9
140 silly currentTree ├─┬ socket.io-adapter@0.3.1
140 silly currentTree │ ├── debug@1.0.2
140 silly currentTree │ ├── ms@0.6.2
140 silly currentTree │ └─┬ socket.io-parser@2.2.2
140 silly currentTree │   └── debug@0.7.4
140 silly currentTree ├─┬ socket.io-client@1.3.7
140 silly currentTree │ └── debug@0.7.4
140 silly currentTree ├─┬ socket.io-parser@2.2.4
140 silly currentTree │ └── debug@0.7.4
140 silly currentTree ├─┬ socket.io@1.3.7
140 silly currentTree │ ├── debug@2.1.0
140 silly currentTree │ └── ms@0.6.2
140 silly currentTree ├── sort-keys@1.1.1
140 silly currentTree ├── statuses@1.2.1
140 silly currentTree ├── stream-throttle@0.1.3
140 silly currentTree ├── strict-uri-encode@1.1.0
140 silly currentTree ├── string_decoder@0.10.31
140 silly currentTree ├── string-template@1.0.0
140 silly currentTree ├─┬ string-width@1.0.1
140 silly currentTree │ ├── ansi-regex@2.0.0
140 silly currentTree │ └── strip-ansi@3.0.1
140 silly currentTree ├── stringstream@0.0.5
140 silly currentTree ├── strip-ansi@0.3.0
140 silly currentTree ├── strip-bom@2.0.0
140 silly currentTree ├── strip-json-comments@1.0.4
140 silly currentTree ├── supports-color@0.2.0
140 silly currentTree ├── systemjs@0.19.22
140 silly currentTree ├── tfunk@3.0.1
140 silly currentTree ├── thenify@3.2.0
140 silly currentTree ├── through@2.3.8
140 silly currentTree ├── timed-out@2.0.0
140 silly currentTree ├── to-array@0.1.3
140 silly currentTree ├─┬ touch@1.0.0
140 silly currentTree │ └── nopt@1.0.10
140 silly currentTree ├── tough-cookie@2.2.1
140 silly currentTree ├── tunnel-agent@0.4.2
140 silly currentTree ├── typedarray@0.0.6
140 silly currentTree ├── typescript@1.8.7
140 silly currentTree ├─┬ typings@0.6.10
140 silly currentTree │ ├── ansi-regex@2.0.0
140 silly currentTree │ ├── ansi-styles@2.2.0
140 silly currentTree │ ├── bluebird@3.3.4
140 silly currentTree │ ├── chalk@1.1.1
140 silly currentTree │ ├── has-ansi@2.0.0
140 silly currentTree │ ├─┬ mkdirp@0.5.1
140 silly currentTree │ │ └── minimist@0.0.8
140 silly currentTree │ ├── strip-ansi@3.0.1
140 silly currentTree │ └── supports-color@2.0.0
140 silly currentTree ├── ua-parser-js@0.7.10
140 silly currentTree ├── ucfirst@1.0.0
140 silly currentTree ├── ultron@1.0.2
140 silly currentTree ├── unc-path-regex@0.1.1
140 silly currentTree ├── underscore@1.7.0
140 silly currentTree ├── unpipe@1.0.0
140 silly currentTree ├── unzip-response@1.0.0
140 silly currentTree ├─┬ update-notifier@0.6.1
140 silly currentTree │ ├── ansi-regex@2.0.0
140 silly currentTree │ ├── ansi-styles@2.2.0
140 silly currentTree │ ├── chalk@1.1.1
140 silly currentTree │ ├── has-ansi@2.0.0
140 silly currentTree │ ├── strip-ansi@3.0.1
140 silly currentTree │ └── supports-color@2.0.0
140 silly currentTree ├── url-parse-lax@1.0.0
140 silly currentTree ├── utf8@2.1.0
140 silly currentTree ├── util-deprecate@1.0.2
140 silly currentTree ├── utils-merge@1.0.0
140 silly currentTree ├── uuid@2.0.1
140 silly currentTree ├── wcwidth@1.0.0
140 silly currentTree ├── weinre@2.0.0-pre-I0Z7U9OV
140 silly currentTree ├── when@3.7.7
140 silly currentTree ├── widest-line@1.0.0
140 silly currentTree ├── win-release@1.1.1
140 silly currentTree ├── window-size@0.1.4
140 silly currentTree ├── wordwrap@1.0.0
140 silly currentTree ├── wrap-ansi@1.0.0
140 silly currentTree ├── wrappy@1.0.1
140 silly currentTree ├── write-file-atomic@1.1.4
140 silly currentTree ├── ws@0.8.0
140 silly currentTree ├── xdg-basedir@2.0.0
140 silly currentTree ├── xmlhttprequest@1.5.0
140 silly currentTree ├── xtend@4.0.1
140 silly currentTree ├── y18n@3.2.0
140 silly currentTree ├── yargs@3.29.0
140 silly currentTree ├── zip-object@0.1.0
140 silly currentTree └── zone.js@0.5.15
141 silly idealTree angular2-starter@1.0.0
141 silly idealTree ├── abbrev@1.0.7
141 silly idealTree ├── accepts@1.2.13
141 silly idealTree ├── after@0.8.1
141 silly idealTree ├─┬ agent-base@2.0.1
141 silly idealTree │ └── semver@5.0.3
141 silly idealTree ├── angular2@2.0.0-beta.8
141 silly idealTree ├── ansi-escapes@1.3.0
141 silly idealTree ├── ansi-regex@0.2.1
141 silly idealTree ├── ansi-styles@1.1.0
141 silly idealTree ├── any-promise@1.1.0
141 silly idealTree ├── anymatch@1.3.0
141 silly idealTree ├── archy@1.0.0
141 silly idealTree ├── arr-diff@2.0.0
141 silly idealTree ├── arr-flatten@1.0.1
141 silly idealTree ├── array-uniq@1.0.2
141 silly idealTree ├── array-unique@0.2.1
141 silly idealTree ├── arraybuffer.slice@0.0.6
141 silly idealTree ├── arrify@1.0.1
141 silly idealTree ├── asn1@0.1.11
141 silly idealTree ├── assert-plus@0.1.5
141 silly idealTree ├── async-each-series@0.1.1
141 silly idealTree ├── async-each@0.1.6
141 silly idealTree ├── async@1.5.2
141 silly idealTree ├── aws-sign2@0.6.0
141 silly idealTree ├── backo2@1.0.2
141 silly idealTree ├── balanced-match@0.3.0
141 silly idealTree ├── base64-arraybuffer@0.1.2
141 silly idealTree ├── base64id@0.1.0
141 silly idealTree ├── batch@0.5.3
141 silly idealTree ├── benchmark@1.0.0
141 silly idealTree ├── better-assert@1.0.2
141 silly idealTree ├── binary-extensions@1.4.0
141 silly idealTree ├── bindings@1.2.1
141 silly idealTree ├── bl@1.0.3
141 silly idealTree ├── blob@0.0.4
141 silly idealTree ├── bluebird@2.9.6
141 silly idealTree ├── boom@2.10.1
141 silly idealTree ├── bootstrap@3.3.6
141 silly idealTree ├─┬ boxen@0.3.1
141 silly idealTree │ ├── ansi-regex@2.0.0
141 silly idealTree │ ├── ansi-styles@2.2.0
141 silly idealTree │ ├── chalk@1.1.1
141 silly idealTree │ ├── has-ansi@2.0.0
141 silly idealTree │ ├── object-assign@4.0.1
141 silly idealTree │ ├── repeating@2.0.0
141 silly idealTree │ ├── strip-ansi@3.0.1
141 silly idealTree │ └── supports-color@2.0.0
141 silly idealTree ├── brace-expansion@1.1.3
141 silly idealTree ├── braces@1.8.3
141 silly idealTree ├── browser-sync-client@2.4.1
141 silly idealTree ├── browser-sync-ui@0.5.18
141 silly idealTree ├─┬ browser-sync@2.11.1
141 silly idealTree │ └── lodash@3.10.1
141 silly idealTree ├── bs-recipes@1.1.0
141 silly idealTree ├── bufferutil@1.2.1
141 silly idealTree ├── callsite@1.0.0
141 silly idealTree ├── camelcase-keys@1.0.0
141 silly idealTree ├── camelcase@1.2.1
141 silly idealTree ├── capture-stack-trace@1.0.0
141 silly idealTree ├── caseless@0.11.0
141 silly idealTree ├── chalk@0.5.1
141 silly idealTree ├── chokidar@1.4.1
141 silly idealTree ├── cli-cursor@1.0.2
141 silly idealTree ├── cli-width@2.1.0
141 silly idealTree ├─┬ cliui@3.1.0
141 silly idealTree │ ├── ansi-regex@2.0.0
141 silly idealTree │ └── strip-ansi@3.0.1
141 silly idealTree ├── clone@1.0.2
141 silly idealTree ├── code-point-at@1.0.0
141 silly idealTree ├── color-convert@1.0.0
141 silly idealTree ├─┬ columnify@1.5.4
141 silly idealTree │ ├── ansi-regex@2.0.0
141 silly idealTree │ └── strip-ansi@3.0.1
141 silly idealTree ├── combined-stream@1.0.5
141 silly idealTree ├── commander@2.6.0
141 silly idealTree ├── component-bind@1.0.0
141 silly idealTree ├── component-emitter@1.1.2
141 silly idealTree ├── component-inherit@0.0.3
141 silly idealTree ├── concat-map@0.0.1
141 silly idealTree ├── concat-stream@1.5.1
141 silly idealTree ├── concurrently@2.0.0
141 silly idealTree ├─┬ configstore@1.4.0
141 silly idealTree │ ├── minimist@0.0.8
141 silly idealTree │ ├── mkdirp@0.5.1
141 silly idealTree │ └── object-assign@4.0.1
141 silly idealTree ├── connect-history-api-fallback@1.1.0
141 silly idealTree ├── connect-logger@0.0.1
141 silly idealTree ├── connect@3.4.1
141 silly idealTree ├── core-util-is@1.0.2
141 silly idealTree ├── create-error-class@2.0.1
141 silly idealTree ├── cross-spawn@0.2.9
141 silly idealTree ├── cryptiles@2.0.5
141 silly idealTree ├── ctype@0.5.3
141 silly idealTree ├── debug@2.2.0
141 silly idealTree ├── decamelize@1.2.0
141 silly idealTree ├── deep-extend@0.4.1
141 silly idealTree ├── defaults@1.0.3
141 silly idealTree ├── delayed-stream@1.0.0
141 silly idealTree ├── depd@1.1.0
141 silly idealTree ├── destroy@1.0.4
141 silly idealTree ├─┬ detect-indent@4.0.0
141 silly idealTree │ └── repeating@2.0.0
141 silly idealTree ├── dev-ip@1.0.1
141 silly idealTree ├── duplexer2@0.1.4
141 silly idealTree ├─┬ easy-extender@2.3.2
141 silly idealTree │ └── lodash@3.10.1
141 silly idealTree ├── eazy-logger@2.1.2
141 silly idealTree ├── ee-first@1.1.1
141 silly idealTree ├── elegant-spinner@1.0.1
141 silly idealTree ├── emitter-steward@1.0.0
141 silly idealTree ├─┬ engine.io-client@1.5.4
141 silly idealTree │ ├── debug@1.0.4
141 silly idealTree │ ├── ms@0.6.2
141 silly idealTree │ └── parseuri@0.0.4
141 silly idealTree ├── engine.io-parser@1.2.2
141 silly idealTree ├─┬ engine.io@1.5.4
141 silly idealTree │ ├── debug@1.0.3
141 silly idealTree │ └── ms@0.6.2
141 silly idealTree ├── error-ex@1.3.0
141 silly idealTree ├── es6-module-loader@0.17.11
141 silly idealTree ├── es6-promise@3.1.2
141 silly idealTree ├── es6-shim@0.33.13
141 silly idealTree ├── escape-html@1.0.3
141 silly idealTree ├── escape-string-regexp@1.0.5
141 silly idealTree ├── etag@1.7.0
141 silly idealTree ├── eventemitter3@1.1.1
141 silly idealTree ├── exit-hook@1.1.1
141 silly idealTree ├── expand-brackets@0.1.4
141 silly idealTree ├── expand-range@1.8.1
141 silly idealTree ├─┬ express@2.5.11
141 silly idealTree │ └── connect@1.9.2
141 silly idealTree ├── extend@3.0.0
141 silly idealTree ├── extglob@0.3.2
141 silly idealTree ├── figures@1.4.0
141 silly idealTree ├── filename-regex@2.0.0
141 silly idealTree ├── fill-range@2.2.3
141 silly idealTree ├── filled-array@1.1.0
141 silly idealTree ├── finalhandler@0.4.1
141 silly idealTree ├── for-in@0.1.4
141 silly idealTree ├── for-own@0.1.3
141 silly idealTree ├── forever-agent@0.6.1
141 silly idealTree ├── form-data@1.0.0-rc3
141 silly idealTree ├── formidable@1.0.17
141 silly idealTree ├─┬ foxy@11.1.4
141 silly idealTree │ └── resp-modifier@4.0.4
141 silly idealTree ├── fresh@0.3.0
141 silly idealTree ├── fs-extra@0.26.5
141 silly idealTree ├─┬ fsevents@1.0.8
141 silly idealTree │ ├── ansi-regex@2.0.0
141 silly idealTree │ ├── ansi-styles@2.1.0
141 silly idealTree │ ├── ansi@0.3.1
141 silly idealTree │ ├── are-we-there-yet@1.0.6
141 silly idealTree │ ├── asn1@0.2.3
141 silly idealTree │ ├── assert-plus@0.2.0
141 silly idealTree │ ├── async@1.5.2
141 silly idealTree │ ├── aws-sign2@0.6.0
141 silly idealTree │ ├─┬ aws4@1.2.1
141 silly idealTree │ │ └── lru-cache@2.7.3
141 silly idealTree │ ├── bl@1.0.2
141 silly idealTree │ ├── block-stream@0.0.8
141 silly idealTree │ ├── boom@2.10.1
141 silly idealTree │ ├── caseless@0.11.0
141 silly idealTree │ ├── chalk@1.1.1
141 silly idealTree │ ├── combined-stream@1.0.5
141 silly idealTree │ ├── commander@2.9.0
141 silly idealTree │ ├── core-util-is@1.0.2
141 silly idealTree │ ├── cryptiles@2.0.5
141 silly idealTree │ ├── dashdash@1.12.2
141 silly idealTree │ ├── debug@2.2.0
141 silly idealTree │ ├── deep-extend@0.4.1
141 silly idealTree │ ├── delayed-stream@1.0.0
141 silly idealTree │ ├── delegates@1.0.0
141 silly idealTree │ ├── ecc-jsbn@0.1.1
141 silly idealTree │ ├── escape-string-regexp@1.0.4
141 silly idealTree │ ├── extend@3.0.0
141 silly idealTree │ ├── extsprintf@1.0.2
141 silly idealTree │ ├── forever-agent@0.6.1
141 silly idealTree │ ├── form-data@1.0.0-rc3
141 silly idealTree │ ├─┬ fstream-ignore@1.0.3
141 silly idealTree │ │ └─┬ minimatch@3.0.0
141 silly idealTree │ │   └─┬ brace-expansion@1.1.2
141 silly idealTree │ │     ├── balanced-match@0.3.0
141 silly idealTree │ │     └── concat-map@0.0.1
141 silly idealTree │ ├── fstream@1.0.8
141 silly idealTree │ ├── gauge@1.2.5
141 silly idealTree │ ├── generate-function@2.0.0
141 silly idealTree │ ├── generate-object-property@1.2.0
141 silly idealTree │ ├── graceful-fs@4.1.3
141 silly idealTree │ ├── graceful-readlink@1.0.1
141 silly idealTree │ ├── har-validator@2.0.6
141 silly idealTree │ ├── has-ansi@2.0.0
141 silly idealTree │ ├── has-unicode@2.0.0
141 silly idealTree │ ├── hawk@3.1.3
141 silly idealTree │ ├── hoek@2.16.3
141 silly idealTree │ ├── http-signature@1.1.1
141 silly idealTree │ ├── inherits@2.0.1
141 silly idealTree │ ├── ini@1.3.4
141 silly idealTree │ ├── is-my-json-valid@2.12.4
141 silly idealTree │ ├── is-property@1.0.2
141 silly idealTree │ ├── is-typedarray@1.0.0
141 silly idealTree │ ├── isarray@0.0.1
141 silly idealTree │ ├── isstream@0.1.2
141 silly idealTree │ ├── jodid25519@1.0.2
141 silly idealTree │ ├── jsbn@0.1.0
141 silly idealTree │ ├── json-schema@0.2.2
141 silly idealTree │ ├── json-stringify-safe@5.0.1
141 silly idealTree │ ├── jsonpointer@2.0.0
141 silly idealTree │ ├── jsprim@1.2.2
141 silly idealTree │ ├── lodash._basetostring@3.0.1
141 silly idealTree │ ├── lodash._createpadding@3.6.1
141 silly idealTree │ ├── lodash._root@3.0.0
141 silly idealTree │ ├── lodash.pad@3.3.0
141 silly idealTree │ ├── lodash.padleft@3.1.1
141 silly idealTree │ ├── lodash.padright@3.1.1
141 silly idealTree │ ├── lodash.repeat@3.2.0
141 silly idealTree │ ├── mime-db@1.21.0
141 silly idealTree │ ├── mime-types@2.1.9
141 silly idealTree │ ├── minimist@0.0.8
141 silly idealTree │ ├── mkdirp@0.5.1
141 silly idealTree │ ├── ms@0.7.1
141 silly idealTree │ ├─┬ node-pre-gyp@0.6.21
141 silly idealTree │ │ └─┬ nopt@3.0.6
141 silly idealTree │ │   └── abbrev@1.0.7
141 silly idealTree │ ├── node-uuid@1.4.7
141 silly idealTree │ ├── npmlog@2.0.2
141 silly idealTree │ ├── oauth-sign@0.8.1
141 silly idealTree │ ├── once@1.3.3
141 silly idealTree │ ├── pinkie-promise@2.0.0
141 silly idealTree │ ├── pinkie@2.0.4
141 silly idealTree │ ├── process-nextick-args@1.0.6
141 silly idealTree │ ├── qs@6.0.2
141 silly idealTree │ ├─┬ rc@1.1.6
141 silly idealTree │ │ └── minimist@1.2.0
141 silly idealTree │ ├── readable-stream@2.0.5
141 silly idealTree │ ├── request@2.69.0
141 silly idealTree │ ├─┬ rimraf@2.5.1
141 silly idealTree │ │ └─┬ glob@6.0.4
141 silly idealTree │ │   ├─┬ inflight@1.0.4
141 silly idealTree │ │   │ └── wrappy@1.0.1
141 silly idealTree │ │   ├── inherits@2.0.1
141 silly idealTree │ │   ├─┬ minimatch@3.0.0
141 silly idealTree │ │   │ └─┬ brace-expansion@1.1.2
141 silly idealTree │ │   │   ├── balanced-match@0.3.0
141 silly idealTree │ │   │   └── concat-map@0.0.1
141 silly idealTree │ │   ├─┬ once@1.3.3
141 silly idealTree │ │   │ └── wrappy@1.0.1
141 silly idealTree │ │   └── path-is-absolute@1.0.0
141 silly idealTree │ ├── semver@5.1.0
141 silly idealTree │ ├── sntp@1.0.9
141 silly idealTree │ ├── sshpk@1.7.3
141 silly idealTree │ ├── string_decoder@0.10.31
141 silly idealTree │ ├── stringstream@0.0.5
141 silly idealTree │ ├── strip-ansi@3.0.0
141 silly idealTree │ ├── strip-json-comments@1.0.4
141 silly idealTree │ ├── supports-color@2.0.0
141 silly idealTree │ ├── tar-pack@3.1.3
141 silly idealTree │ ├── tar@2.2.1
141 silly idealTree │ ├── tough-cookie@2.2.1
141 silly idealTree │ ├── tunnel-agent@0.4.2
141 silly idealTree │ ├── tweetnacl@0.13.3
141 silly idealTree │ ├── uid-number@0.0.6
141 silly idealTree │ ├── util-deprecate@1.0.2
141 silly idealTree │ ├── verror@1.3.6
141 silly idealTree │ ├── wrappy@1.0.1
141 silly idealTree │ └── xtend@4.0.1
141 silly idealTree ├── function-bind@1.1.0
141 silly idealTree ├── generate-function@2.0.0
141 silly idealTree ├── generate-object-property@1.2.0
141 silly idealTree ├── get-stdin@4.0.1
141 silly idealTree ├── glob-base@0.3.0
141 silly idealTree ├── glob-parent@2.0.0
141 silly idealTree ├── glob@7.0.3
141 silly idealTree ├── global@2.0.1
141 silly idealTree ├─┬ got@5.5.0
141 silly idealTree │ └── object-assign@4.0.1
141 silly idealTree ├── graceful-fs@4.1.3
141 silly idealTree ├── graceful-readlink@1.0.1
141 silly idealTree ├─┬ har-validator@2.0.6
141 silly idealTree │ ├── ansi-regex@2.0.0
141 silly idealTree │ ├── ansi-styles@2.2.0
141 silly idealTree │ ├── chalk@1.1.1
141 silly idealTree │ ├── commander@2.9.0
141 silly idealTree │ ├── has-ansi@2.0.0
141 silly idealTree │ ├── strip-ansi@3.0.1
141 silly idealTree │ └── supports-color@2.0.0
141 silly idealTree ├── has-ansi@0.1.0
141 silly idealTree ├── has-binary-data@0.1.3
141 silly idealTree ├── has-binary@0.1.6
141 silly idealTree ├── has-cors@1.0.3
141 silly idealTree ├── has@1.0.1
141 silly idealTree ├── hawk@3.1.3
141 silly idealTree ├── hoek@2.16.3
141 silly idealTree ├── http-errors@1.3.1
141 silly idealTree ├── http-proxy-agent@1.0.0
141 silly idealTree ├── http-proxy@1.13.2
141 silly idealTree ├── http-signature@0.11.0
141 silly idealTree ├── https-proxy-agent@1.0.0
141 silly idealTree ├── immutable@3.7.6
141 silly idealTree ├── imurmurhash@0.1.4
141 silly idealTree ├── indent-string@1.2.2
141 silly idealTree ├── indexof@0.0.1
141 silly idealTree ├── inflight@1.0.4
141 silly idealTree ├── inherits@2.0.1
141 silly idealTree ├── ini@1.3.4
141 silly idealTree ├─┬ inquirer@0.12.0
141 silly idealTree │ ├── ansi-regex@2.0.0
141 silly idealTree │ ├── ansi-styles@2.2.0
141 silly idealTree │ ├── chalk@1.1.1
141 silly idealTree │ ├── has-ansi@2.0.0
141 silly idealTree │ ├── lodash@4.6.1
141 silly idealTree │ ├── strip-ansi@3.0.1
141 silly idealTree │ └── supports-color@2.0.0
141 silly idealTree ├─┬ insight@0.7.0
141 silly idealTree │ ├── ansi-regex@2.0.0
141 silly idealTree │ ├── ansi-styles@2.2.0
141 silly idealTree │ ├── chalk@1.1.1
141 silly idealTree │ ├── cli-width@1.1.1
141 silly idealTree │ ├── has-ansi@2.0.0
141 silly idealTree │ ├── inquirer@0.10.1
141 silly idealTree │ ├── lodash@3.10.1
141 silly idealTree │ ├── object-assign@4.0.1
141 silly idealTree │ ├── strip-ansi@3.0.1
141 silly idealTree │ └── supports-color@2.0.0
141 silly idealTree ├── invariant@2.2.1
141 silly idealTree ├── invert-kv@1.0.0
141 silly idealTree ├── is-absolute@0.2.3
141 silly idealTree ├── is-arrayish@0.2.1
141 silly idealTree ├── is-binary-path@1.0.1
141 silly idealTree ├── is-buffer@1.1.3
141 silly idealTree ├── is-dotfile@1.0.2
141 silly idealTree ├── is-equal-shallow@0.1.3
141 silly idealTree ├── is-extendable@0.1.1
141 silly idealTree ├── is-extglob@1.0.0
141 silly idealTree ├── is-finite@1.0.1
141 silly idealTree ├── is-fullwidth-code-point@1.0.0
141 silly idealTree ├── is-glob@2.0.1
141 silly idealTree ├── is-my-json-valid@2.13.1
141 silly idealTree ├── is-npm@1.0.0
141 silly idealTree ├── is-number@2.1.0
141 silly idealTree ├── is-plain-obj@1.1.0
141 silly idealTree ├── is-primitive@2.0.0
141 silly idealTree ├── is-property@1.0.2
141 silly idealTree ├── is-redirect@1.0.0
141 silly idealTree ├── is-relative@0.2.1
141 silly idealTree ├── is-retry-allowed@1.0.0
141 silly idealTree ├── is-stream@1.0.1
141 silly idealTree ├── is-unc-path@0.1.1
141 silly idealTree ├── is-utf8@0.2.1
141 silly idealTree ├── is-windows@0.1.1
141 silly idealTree ├── isarray@0.0.1
141 silly idealTree ├── isobject@2.0.0
141 silly idealTree ├── isstream@0.1.2
141 silly idealTree ├── js-tokens@1.0.2
141 silly idealTree ├── json-stringify-safe@5.0.1
141 silly idealTree ├── json3@3.2.6
141 silly idealTree ├── jsonfile@2.2.3
141 silly idealTree ├── jsonpointer@2.0.0
141 silly idealTree ├── kind-of@3.0.2
141 silly idealTree ├── klaw@1.1.3
141 silly idealTree ├── latest-version@2.0.0
141 silly idealTree ├── lazy-cache@0.2.7
141 silly idealTree ├── lcid@1.0.0
141 silly idealTree ├── limiter@1.1.0
141 silly idealTree ├── listify@1.0.0
141 silly idealTree ├─┬ lite-server@2.1.0
141 silly idealTree │ └── lodash@4.6.1
141 silly idealTree ├── localtunnel@1.8.1
141 silly idealTree ├── lockfile@1.0.1
141 silly idealTree ├── lodash._arraycopy@3.0.0
141 silly idealTree ├── lodash._arrayeach@3.0.0
141 silly idealTree ├── lodash._basecopy@3.0.1
141 silly idealTree ├── lodash._basefor@3.0.3
141 silly idealTree ├── lodash._bindcallback@3.0.1
141 silly idealTree ├── lodash._createassigner@3.1.1
141 silly idealTree ├── lodash._getnative@3.9.1
141 silly idealTree ├── lodash._isiterateecall@3.0.9
141 silly idealTree ├── lodash.debounce@3.1.1
141 silly idealTree ├── lodash.isarguments@3.0.8
141 silly idealTree ├── lodash.isarray@3.0.4
141 silly idealTree ├── lodash.isplainobject@3.2.0
141 silly idealTree ├── lodash.istypedarray@3.0.5
141 silly idealTree ├── lodash.keys@3.1.2
141 silly idealTree ├── lodash.keysin@3.0.8
141 silly idealTree ├── lodash.merge@3.3.2
141 silly idealTree ├── lodash.restparam@3.6.1
141 silly idealTree ├── lodash.toplainobject@3.0.0
141 silly idealTree ├── lodash@3.1.0
141 silly idealTree ├── log-update@1.0.2
141 silly idealTree ├── longest@1.0.1
141 silly idealTree ├── loose-envify@1.1.0
141 silly idealTree ├── lowercase-keys@1.0.0
141 silly idealTree ├── lru-cache@2.7.3
141 silly idealTree ├── make-error-cause@1.1.0
141 silly idealTree ├── make-error@1.1.1
141 silly idealTree ├── map-obj@1.0.1
141 silly idealTree ├── meow@3.3.0
141 silly idealTree ├── methods@1.1.2
141 silly idealTree ├── micromatch@2.3.5
141 silly idealTree ├── mime-db@1.22.0
141 silly idealTree ├── mime-types@2.1.10
141 silly idealTree ├── mime@1.2.4
141 silly idealTree ├── minimatch@2.0.10
141 silly idealTree ├── minimist@1.2.0
141 silly idealTree ├── mkdirp@0.3.0
141 silly idealTree ├── moment@2.12.0
141 silly idealTree ├── ms@0.7.1
141 silly idealTree ├── mute-stream@0.0.5
141 silly idealTree ├── nan@2.2.0
141 silly idealTree ├── negotiator@0.5.3
141 silly idealTree ├── node-status-codes@1.0.0
141 silly idealTree ├── node-uuid@1.4.7
141 silly idealTree ├── nopt@3.0.6
141 silly idealTree ├── normalize-path@2.0.1
141 silly idealTree ├── number-is-nan@1.0.0
141 silly idealTree ├── oauth-sign@0.8.1
141 silly idealTree ├── object-assign@3.0.0
141 silly idealTree ├── object-component@0.0.3
141 silly idealTree ├── object-keys@1.0.1
141 silly idealTree ├── object-path@0.9.2
141 silly idealTree ├── object.omit@2.0.0
141 silly idealTree ├── object.pick@1.1.1
141 silly idealTree ├── on-finished@2.3.0
141 silly idealTree ├── once@1.3.3
141 silly idealTree ├── onetime@1.1.0
141 silly idealTree ├── openurl@1.1.0
141 silly idealTree ├─┬ opn@3.0.3
141 silly idealTree │ └── object-assign@4.0.1
141 silly idealTree ├─┬ opt-merger@1.1.1
141 silly idealTree │ └── lodash@3.10.1
141 silly idealTree ├── options@0.0.6
141 silly idealTree ├── os-homedir@1.0.1
141 silly idealTree ├── os-locale@1.4.0
141 silly idealTree ├── os-name@1.0.3
141 silly idealTree ├── os-tmpdir@1.0.1
141 silly idealTree ├── osenv@0.1.3
141 silly idealTree ├── osx-release@1.1.0
141 silly idealTree ├── package-json@2.3.1
141 silly idealTree ├── parse-glob@3.0.4
141 silly idealTree ├── parse-json@2.2.0
141 silly idealTree ├── parsejson@0.0.1
141 silly idealTree ├── parseqs@0.0.2
141 silly idealTree ├── parseuri@0.0.2
141 silly idealTree ├── parseurl@1.3.1
141 silly idealTree ├── path-is-absolute@1.0.0
141 silly idealTree ├── pinkie-promise@2.0.0
141 silly idealTree ├── pinkie@2.0.4
141 silly idealTree ├── popsicle-proxy-agent@1.0.0
141 silly idealTree ├── popsicle-retry@1.0.1
141 silly idealTree ├── popsicle-status@1.0.1
141 silly idealTree ├─┬ popsicle@4.0.0
141 silly idealTree │ ├── async@0.9.2
141 silly idealTree │ ├── combined-stream@0.0.7
141 silly idealTree │ ├── delayed-stream@0.0.5
141 silly idealTree │ ├── form-data@0.2.0
141 silly idealTree │ ├── mime-db@1.12.0
141 silly idealTree │ └── mime-types@2.0.14
141 silly idealTree ├─┬ portscanner@1.0.0
141 silly idealTree │ └── async@0.1.15
141 silly idealTree ├── prepend-http@1.0.3
141 silly idealTree ├── preserve@0.2.0
141 silly idealTree ├── process-nextick-args@1.0.6
141 silly idealTree ├── promise-finally@2.1.0
141 silly idealTree ├── qs@0.4.2
141 silly idealTree ├── query-string@2.4.2
141 silly idealTree ├── randomatic@1.1.5
141 silly idealTree ├── range-parser@1.0.3
141 silly idealTree ├── rc@1.1.6
141 silly idealTree ├── read-all-stream@3.1.0
141 silly idealTree ├── readable-stream@2.0.5
141 silly idealTree ├── readdirp@2.0.0
141 silly idealTree ├── readline2@1.0.1
141 silly idealTree ├── reflect-metadata@0.1.2
141 silly idealTree ├── regex-cache@0.4.2
141 silly idealTree ├── registry-url@3.0.3
141 silly idealTree ├── repeat-element@1.1.2
141 silly idealTree ├── repeat-string@1.5.4
141 silly idealTree ├── repeating@1.1.3
141 silly idealTree ├─┬ request@2.65.0
141 silly idealTree │ └── qs@5.2.0
141 silly idealTree ├── requires-port@1.0.0
141 silly idealTree ├── resp-modifier@5.0.2
141 silly idealTree ├── restore-cursor@1.0.1
141 silly idealTree ├── rimraf@2.5.2
141 silly idealTree ├── run-async@0.1.0
141 silly idealTree ├── rx-lite@3.1.2
141 silly idealTree ├── rx@2.3.24
141 silly idealTree ├── rxjs@5.0.0-beta.2
141 silly idealTree ├── semver-diff@2.1.0
141 silly idealTree ├── semver@5.1.0
141 silly idealTree ├─┬ send@0.13.1
141 silly idealTree │ └── mime@1.3.4
141 silly idealTree ├── serve-index@1.7.3
141 silly idealTree ├── serve-static@1.10.2
141 silly idealTree ├── slide@1.1.6
141 silly idealTree ├── sntp@1.0.9
141 silly idealTree ├─┬ socket.io-adapter@0.3.1
141 silly idealTree │ ├── debug@1.0.2
141 silly idealTree │ ├── ms@0.6.2
141 silly idealTree │ └─┬ socket.io-parser@2.2.2
141 silly idealTree │   └── debug@0.7.4
141 silly idealTree ├─┬ socket.io-client@1.3.7
141 silly idealTree │ └── debug@0.7.4
141 silly idealTree ├─┬ socket.io-parser@2.2.4
141 silly idealTree │ └── debug@0.7.4
141 silly idealTree ├─┬ socket.io@1.3.7
141 silly idealTree │ ├── debug@2.1.0
141 silly idealTree │ └── ms@0.6.2
141 silly idealTree ├── sort-keys@1.1.1
141 silly idealTree ├── statuses@1.2.1
141 silly idealTree ├── stream-throttle@0.1.3
141 silly idealTree ├── strict-uri-encode@1.1.0
141 silly idealTree ├── string_decoder@0.10.31
141 silly idealTree ├── string-template@1.0.0
141 silly idealTree ├─┬ string-width@1.0.1
141 silly idealTree │ ├── ansi-regex@2.0.0
141 silly idealTree │ └── strip-ansi@3.0.1
141 silly idealTree ├── stringstream@0.0.5
141 silly idealTree ├── strip-ansi@0.3.0
141 silly idealTree ├── strip-bom@2.0.0
141 silly idealTree ├── strip-json-comments@1.0.4
141 silly idealTree ├── supports-color@0.2.0
141 silly idealTree ├── systemjs@0.19.22
141 silly idealTree ├── tfunk@3.0.1
141 silly idealTree ├── thenify@3.2.0
141 silly idealTree ├── through@2.3.8
141 silly idealTree ├── timed-out@2.0.0
141 silly idealTree ├── to-array@0.1.3
141 silly idealTree ├─┬ touch@1.0.0
141 silly idealTree │ └── nopt@1.0.10
141 silly idealTree ├── tough-cookie@2.2.1
141 silly idealTree ├── tunnel-agent@0.4.2
141 silly idealTree ├── typedarray@0.0.6
141 silly idealTree ├── typescript@1.8.7
141 silly idealTree ├─┬ typings@0.6.10
141 silly idealTree │ ├── ansi-regex@2.0.0
141 silly idealTree │ ├── ansi-styles@2.2.0
141 silly idealTree │ ├── bluebird@3.3.4
141 silly idealTree │ ├── chalk@1.1.1
141 silly idealTree │ ├── has-ansi@2.0.0
141 silly idealTree │ ├─┬ mkdirp@0.5.1
141 silly idealTree │ │ └── minimist@0.0.8
141 silly idealTree │ ├── strip-ansi@3.0.1
141 silly idealTree │ └── supports-color@2.0.0
141 silly idealTree ├── ua-parser-js@0.7.10
141 silly idealTree ├── ucfirst@1.0.0
141 silly idealTree ├── ultron@1.0.2
141 silly idealTree ├── unc-path-regex@0.1.1
141 silly idealTree ├── underscore@1.7.0
141 silly idealTree ├── unpipe@1.0.0
141 silly idealTree ├── unzip-response@1.0.0
141 silly idealTree ├─┬ update-notifier@0.6.1
141 silly idealTree │ ├── ansi-regex@2.0.0
141 silly idealTree │ ├── ansi-styles@2.2.0
141 silly idealTree │ ├── chalk@1.1.1
141 silly idealTree │ ├── has-ansi@2.0.0
141 silly idealTree │ ├── strip-ansi@3.0.1
141 silly idealTree │ └── supports-color@2.0.0
141 silly idealTree ├── url-parse-lax@1.0.0
141 silly idealTree ├── utf-8-validate@1.2.1
141 silly idealTree ├── utf8@2.1.0
141 silly idealTree ├── util-deprecate@1.0.2
141 silly idealTree ├── utils-merge@1.0.0
141 silly idealTree ├── uuid@2.0.1
141 silly idealTree ├── wcwidth@1.0.0
141 silly idealTree ├── weinre@2.0.0-pre-I0Z7U9OV
141 silly idealTree ├── when@3.7.7
141 silly idealTree ├── widest-line@1.0.0
141 silly idealTree ├── win-release@1.1.1
141 silly idealTree ├── window-size@0.1.4
141 silly idealTree ├── wordwrap@1.0.0
141 silly idealTree ├── wrap-ansi@1.0.0
141 silly idealTree ├── wrappy@1.0.1
141 silly idealTree ├── write-file-atomic@1.1.4
141 silly idealTree ├── ws@0.8.0
141 silly idealTree ├── xdg-basedir@2.0.0
141 silly idealTree ├── xmlhttprequest@1.5.0
141 silly idealTree ├── xtend@4.0.1
141 silly idealTree ├── y18n@3.2.0
141 silly idealTree ├── yargs@3.29.0
141 silly idealTree ├── zip-object@0.1.0
141 silly idealTree └── zone.js@0.5.15
142 silly generateActionsToTake Starting
143 silly install generateActionsToTake
144 warn checkPermissions Missing write access to /Users/afroza/projects/angular2/angular2-starter/node_modules
145 silly rollbackFailedOptional Starting
146 silly rollbackFailedOptional Finishing
147 silly runTopLevelLifecycles Starting
148 silly runTopLevelLifecycles Finishing
149 silly install printInstalled
150 warn angular2-starter@1.0.0 No repository field.
151 verbose stack Error: EACCES: permission denied, access '/Users/afroza/projects/angular2/angular2-starter/node_modules'
151 verbose stack     at Error (native)
152 verbose cwd /Users/afroza/projects/angular2/angular2-starter
153 error Darwin 14.1.1
154 error argv "/usr/local/bin/node" "/usr/local/bin/npm" "install"
155 error node v4.4.0
156 error npm  v3.8.5
157 error path /Users/afroza/projects/angular2/angular2-starter/node_modules
158 error code EACCES
159 error errno -13
160 error syscall access
161 error Error: EACCES: permission denied, access '/Users/afroza/projects/angular2/angular2-starter/node_modules'
161 error     at Error (native)
161 error  { [Error: EACCES: permission denied, access '/Users/afroza/projects/angular2/angular2-starter/node_modules']
161 error   errno: -13,
161 error   code: 'EACCES',
161 error   syscall: 'access',
161 error   path: '/Users/afroza/projects/angular2/angular2-starter/node_modules' }
162 error Please try running this command again as root/Administrator.
163 verbose exit [ -13, true ]
